27. Agustos 2019 | 16:13:38 | ODUNSAVAR (v11) *************************************
27. Agustos 2019 | 16:13:38 | 0 IP-bans have been loaded.
27. Agustos 2019 | 16:13:38 | 0 temporary bans have been loaded.
27. Agustos 2019 | 16:13:38 | 0 whitelist entries have been loaded.
27. Agustos 2019 | 16:13:38 | 0 blacklist entries have been loaded.
27. Agustos 2019 | 16:13:38 | 0 bad words have been loaded.
27. Agustos 2019 | 16:13:38 | 0 forbidden weapons have been loaded.
27. Agustos 2019 | 16:13:38 | ODUNSAVAR (v11) *************************************
27. Agustos 2019 | 16:38:40 | Resetting player classes.
27. Agustos 2019 | 16:54:51 | ODUNSAVAR (v11) *************************************
27. Agustos 2019 | 16:54:51 | 0 IP-bans have been loaded.
27. Agustos 2019 | 16:54:51 | 0 temporary bans have been loaded.
27. Agustos 2019 | 16:54:51 | 0 whitelist entries have been loaded.
27. Agustos 2019 | 16:54:51 | 0 blacklist entries have been loaded.
27. Agustos 2019 | 16:54:51 | 0 bad words have been loaded.
27. Agustos 2019 | 16:54:51 | 0 forbidden weapons have been loaded.
27. Agustos 2019 | 16:54:51 | ODUNSAVAR (v11) *************************************
30. Agustos 2019 | 16:08:15 | ODUNSAVAR (v11) *************************************
30. Agustos 2019 | 16:08:15 | 0 IP-bans have been loaded.
30. Agustos 2019 | 16:08:15 | 0 temporary bans have been loaded.
30. Agustos 2019 | 16:08:15 | 0 whitelist entries have been loaded.
30. Agustos 2019 | 16:08:15 | 0 blacklist entries have been loaded.
30. Agustos 2019 | 16:08:15 | 0 bad words have been loaded.
30. Agustos 2019 | 16:08:15 | 0 forbidden weapons have been loaded.
30. Agustos 2019 | 16:08:15 | ODUNSAVAR (v11) *************************************
30. Agustos 2019 | 16:17:05 | ODUNSAVAR (v11) *************************************
30. Agustos 2019 | 16:17:05 | 0 IP-bans have been loaded.
30. Agustos 2019 | 16:17:05 | 0 temporary bans have been loaded.
30. Agustos 2019 | 16:17:05 | 0 whitelist entries have been loaded.
30. Agustos 2019 | 16:17:05 | 0 blacklist entries have been loaded.
30. Agustos 2019 | 16:17:05 | 0 bad words have been loaded.
30. Agustos 2019 | 16:17:05 | 0 forbidden weapons have been loaded.
30. Agustos 2019 | 16:17:05 | ODUNSAVAR (v11) *************************************
7. Aralik 2019 | 02:48:33 | ODUNSAVAR (v11) *************************************
7. Aralik 2019 | 02:48:34 | 0 IP-bans have been loaded.
7. Aralik 2019 | 02:48:34 | 0 temporary bans have been loaded.
7. Aralik 2019 | 02:48:34 | 0 whitelist entries have been loaded.
7. Aralik 2019 | 02:48:34 | 0 blacklist entries have been loaded.
7. Aralik 2019 | 02:48:34 | 0 bad words have been loaded.
7. Aralik 2019 | 02:48:34 | 0 forbidden weapons have been loaded.
7. Aralik 2019 | 02:48:34 | ODUNSAVAR (v11) *************************************
7. Aralik 2019 | 02:51:16 | ODUNSAVAR (v11) *************************************
7. Aralik 2019 | 02:51:16 | 0 IP-bans have been loaded.
7. Aralik 2019 | 02:51:16 | 0 temporary bans have been loaded.
7. Aralik 2019 | 02:51:16 | 0 whitelist entries have been loaded.
7. Aralik 2019 | 02:51:16 | 0 blacklist entries have been loaded.
7. Aralik 2019 | 02:51:16 | 0 bad words have been loaded.
7. Aralik 2019 | 02:51:16 | 0 forbidden weapons have been loaded.
7. Aralik 2019 | 02:51:16 | ODUNSAVAR (v11) *************************************
7. Aralik 2019 | 02:57:26 | ODUNSAVAR (v11) *************************************
7. Aralik 2019 | 02:57:26 | 0 IP-bans have been loaded.
7. Aralik 2019 | 02:57:26 | 0 temporary bans have been loaded.
7. Aralik 2019 | 02:57:26 | 0 whitelist entries have been loaded.
7. Aralik 2019 | 02:57:26 | 0 blacklist entries have been loaded.
7. Aralik 2019 | 02:57:26 | 0 bad words have been loaded.
7. Aralik 2019 | 02:57:26 | 0 forbidden weapons have been loaded.
7. Aralik 2019 | 02:57:26 | ODUNSAVAR (v11) *************************************
8. Aralik 2019 | 00:09:28 | ODUNSAVAR (v11) *************************************
8. Aralik 2019 | 00:09:28 | 0 IP-bans have been loaded.
8. Aralik 2019 | 00:09:28 | 0 temporary bans have been loaded.
8. Aralik 2019 | 00:09:28 | 0 whitelist entries have been loaded.
8. Aralik 2019 | 00:09:28 | 0 blacklist entries have been loaded.
8. Aralik 2019 | 00:09:28 | 0 bad words have been loaded.
8. Aralik 2019 | 00:09:28 | 0 forbidden weapons have been loaded.
8. Aralik 2019 | 00:09:28 | ODUNSAVAR (v11) *************************************
8. Aralik 2019 | 01:01:31 | ODUNSAVAR (v11) *************************************
8. Aralik 2019 | 01:01:31 | 0 IP-bans have been loaded.
8. Aralik 2019 | 01:01:31 | 0 temporary bans have been loaded.
8. Aralik 2019 | 01:01:31 | 0 whitelist entries have been loaded.
8. Aralik 2019 | 01:01:31 | 0 blacklist entries have been loaded.
8. Aralik 2019 | 01:01:31 | 0 bad words have been loaded.
8. Aralik 2019 | 01:01:31 | 0 forbidden weapons have been loaded.
8. Aralik 2019 | 01:01:31 | ODUNSAVAR (v11) *************************************
8. Aralik 2019 | 01:01:33 | ODUNSAVAR (v11) *************************************
8. Aralik 2019 | 01:01:33 | 0 IP-bans have been loaded.
8. Aralik 2019 | 01:01:33 | 0 temporary bans have been loaded.
8. Aralik 2019 | 01:01:33 | 0 whitelist entries have been loaded.
8. Aralik 2019 | 01:01:33 | 0 blacklist entries have been loaded.
8. Aralik 2019 | 01:01:33 | 0 bad words have been loaded.
8. Aralik 2019 | 01:01:33 | 0 forbidden weapons have been loaded.
8. Aralik 2019 | 01:01:33 | ODUNSAVAR (v11) *************************************
8. Aralik 2019 | 01:10:44 | ODUNSAVAR (v11) *************************************
8. Aralik 2019 | 01:10:44 | 0 IP-bans have been loaded.
8. Aralik 2019 | 01:10:44 | 0 temporary bans have been loaded.
8. Aralik 2019 | 01:10:44 | 0 whitelist entries have been loaded.
8. Aralik 2019 | 01:10:44 | 0 blacklist entries have been loaded.
8. Aralik 2019 | 01:10:44 | 0 bad words have been loaded.
8. Aralik 2019 | 01:10:44 | 0 forbidden weapons have been loaded.
8. Aralik 2019 | 01:10:44 | ODUNSAVAR (v11) *************************************
8. Aralik 2019 | 01:16:33 | ODUNSAVAR (v11) *************************************
8. Aralik 2019 | 01:16:33 | 0 IP-bans have been loaded.
8. Aralik 2019 | 01:16:33 | 0 temporary bans have been loaded.
8. Aralik 2019 | 01:16:33 | 0 whitelist entries have been loaded.
8. Aralik 2019 | 01:16:33 | 0 blacklist entries have been loaded.
8. Aralik 2019 | 01:16:33 | 0 bad words have been loaded.
8. Aralik 2019 | 01:16:33 | 0 forbidden weapons have been loaded.
8. Aralik 2019 | 01:16:33 | ODUNSAVAR (v11) *************************************
8. Aralik 2019 | 01:22:17 | ODUNSAVAR (v11) *************************************
8. Aralik 2019 | 01:22:17 | 0 IP-bans have been loaded.
8. Aralik 2019 | 01:22:17 | 0 temporary bans have been loaded.
8. Aralik 2019 | 01:22:17 | 0 whitelist entries have been loaded.
8. Aralik 2019 | 01:22:17 | 0 blacklist entries have been loaded.
8. Aralik 2019 | 01:22:17 | 0 bad words have been loaded.
8. Aralik 2019 | 01:22:17 | 0 forbidden weapons have been loaded.
8. Aralik 2019 | 01:22:17 | ODUNSAVAR (v11) *************************************
13. Aralik 2019 | 00:29:02 | ODUNSAVAR (v11) *************************************
13. Aralik 2019 | 00:29:02 | 0 IP-bans have been loaded.
13. Aralik 2019 | 00:29:02 | 0 temporary bans have been loaded.
13. Aralik 2019 | 00:29:02 | 0 whitelist entries have been loaded.
13. Aralik 2019 | 00:29:02 | 0 blacklist entries have been loaded.
13. Aralik 2019 | 00:29:02 | 0 bad words have been loaded.
13. Aralik 2019 | 00:29:02 | 0 forbidden weapons have been loaded.
13. Aralik 2019 | 00:29:02 | ODUNSAVAR (v11) *************************************
13. Aralik 2019 | 00:38:12 | ODUNSAVAR (v11) *************************************
13. Aralik 2019 | 00:38:12 | 0 IP-bans have been loaded.
13. Aralik 2019 | 00:38:12 | 0 temporary bans have been loaded.
13. Aralik 2019 | 00:38:12 | 0 whitelist entries have been loaded.
13. Aralik 2019 | 00:38:12 | 0 blacklist entries have been loaded.
13. Aralik 2019 | 00:38:12 | 0 bad words have been loaded.
13. Aralik 2019 | 00:38:12 | 0 forbidden weapons have been loaded.
13. Aralik 2019 | 00:38:12 | ODUNSAVAR (v11) *************************************
13. Aralik 2019 | 00:45:39 | ODUNSAVAR (v11) *************************************
13. Aralik 2019 | 00:45:39 | 0 IP-bans have been loaded.
13. Aralik 2019 | 00:45:39 | 0 temporary bans have been loaded.
13. Aralik 2019 | 00:45:39 | 0 whitelist entries have been loaded.
13. Aralik 2019 | 00:45:39 | 0 blacklist entries have been loaded.
13. Aralik 2019 | 00:45:39 | 0 bad words have been loaded.
13. Aralik 2019 | 00:45:39 | 0 forbidden weapons have been loaded.
13. Aralik 2019 | 00:45:39 | ODUNSAVAR (v11) *************************************
13. Aralik 2019 | 00:50:24 | ODUNSAVAR (v11) *************************************
13. Aralik 2019 | 00:50:24 | 0 IP-bans have been loaded.
13. Aralik 2019 | 00:50:24 | 0 temporary bans have been loaded.
13. Aralik 2019 | 00:50:24 | 0 whitelist entries have been loaded.
13. Aralik 2019 | 00:50:24 | 0 blacklist entries have been loaded.
13. Aralik 2019 | 00:50:24 | 0 bad words have been loaded.
13. Aralik 2019 | 00:50:24 | 0 forbidden weapons have been loaded.
13. Aralik 2019 | 00:50:24 | ODUNSAVAR (v11) *************************************
13. Aralik 2019 | 19:12:43 | ODUNSAVAR (v11) *************************************
13. Aralik 2019 | 19:12:43 | 0 IP-bans have been loaded.
13. Aralik 2019 | 19:12:43 | 0 temporary bans have been loaded.
13. Aralik 2019 | 19:12:43 | 0 whitelist entries have been loaded.
13. Aralik 2019 | 19:12:43 | 0 blacklist entries have been loaded.
13. Aralik 2019 | 19:12:43 | 0 bad words have been loaded.
13. Aralik 2019 | 19:12:43 | 0 forbidden weapons have been loaded.
13. Aralik 2019 | 19:12:43 | ODUNSAVAR (v11) *************************************
13. Aralik 2019 | 19:36:52 | ODUNSAVAR (v11) *************************************
13. Aralik 2019 | 19:36:53 | 0 IP-bans have been loaded.
13. Aralik 2019 | 19:36:53 | 0 temporary bans have been loaded.
13. Aralik 2019 | 19:36:53 | 0 whitelist entries have been loaded.
13. Aralik 2019 | 19:36:53 | 0 blacklist entries have been loaded.
13. Aralik 2019 | 19:36:53 | 0 bad words have been loaded.
13. Aralik 2019 | 19:36:53 | 0 forbidden weapons have been loaded.
13. Aralik 2019 | 19:36:53 | ODUNSAVAR (v11) *************************************
13. Aralik 2019 | 19:40:56 | ODUNSAVAR (v11) *************************************
13. Aralik 2019 | 19:40:56 | 0 IP-bans have been loaded.
13. Aralik 2019 | 19:40:56 | 0 temporary bans have been loaded.
13. Aralik 2019 | 19:40:56 | 0 whitelist entries have been loaded.
13. Aralik 2019 | 19:40:56 | 0 blacklist entries have been loaded.
13. Aralik 2019 | 19:40:56 | 0 bad words have been loaded.
13. Aralik 2019 | 19:40:56 | 0 forbidden weapons have been loaded.
13. Aralik 2019 | 19:40:56 | ODUNSAVAR (v11) *************************************
13. Aralik 2019 | 20:01:15 | ODUNSAVAR (v11) *************************************
13. Aralik 2019 | 20:01:15 | 0 IP-bans have been loaded.
13. Aralik 2019 | 20:01:15 | 0 temporary bans have been loaded.
13. Aralik 2019 | 20:01:15 | 0 whitelist entries have been loaded.
13. Aralik 2019 | 20:01:15 | 0 blacklist entries have been loaded.
13. Aralik 2019 | 20:01:15 | 0 bad words have been loaded.
13. Aralik 2019 | 20:01:15 | 0 forbidden weapons have been loaded.
13. Aralik 2019 | 20:01:15 | ODUNSAVAR (v11) *************************************
13. Aralik 2019 | 20:07:01 | ODUNSAVAR (v11) *************************************
13. Aralik 2019 | 20:07:01 | 0 IP-bans have been loaded.
13. Aralik 2019 | 20:07:01 | 0 temporary bans have been loaded.
13. Aralik 2019 | 20:07:01 | 0 whitelist entries have been loaded.
13. Aralik 2019 | 20:07:01 | 0 blacklist entries have been loaded.
13. Aralik 2019 | 20:07:01 | 0 bad words have been loaded.
13. Aralik 2019 | 20:07:01 | 0 forbidden weapons have been loaded.
13. Aralik 2019 | 20:07:01 | ODUNSAVAR (v11) *************************************
13. Aralik 2019 | 20:11:16 | ODUNSAVAR (v11) *************************************
13. Aralik 2019 | 20:11:16 | 0 IP-bans have been loaded.
13. Aralik 2019 | 20:11:16 | 0 temporary bans have been loaded.
13. Aralik 2019 | 20:11:16 | 0 whitelist entries have been loaded.
13. Aralik 2019 | 20:11:16 | 0 blacklist entries have been loaded.
13. Aralik 2019 | 20:11:16 | 0 bad words have been loaded.
13. Aralik 2019 | 20:11:16 | 0 forbidden weapons have been loaded.
13. Aralik 2019 | 20:11:16 | ODUNSAVAR (v11) *************************************
13. Aralik 2019 | 20:22:24 | ODUNSAVAR (v11) *************************************
13. Aralik 2019 | 20:22:24 | 0 IP-bans have been loaded.
13. Aralik 2019 | 20:22:24 | 0 temporary bans have been loaded.
13. Aralik 2019 | 20:22:24 | 0 whitelist entries have been loaded.
13. Aralik 2019 | 20:22:24 | 0 blacklist entries have been loaded.
13. Aralik 2019 | 20:22:24 | 0 bad words have been loaded.
13. Aralik 2019 | 20:22:24 | 0 forbidden weapons have been loaded.
13. Aralik 2019 | 20:22:24 | ODUNSAVAR (v11) *************************************
13. Aralik 2019 | 20:56:21 | ODUNSAVAR (v11) *************************************
13. Aralik 2019 | 20:56:21 | 0 IP-bans have been loaded.
13. Aralik 2019 | 20:56:21 | 0 temporary bans have been loaded.
13. Aralik 2019 | 20:56:21 | 0 whitelist entries have been loaded.
13. Aralik 2019 | 20:56:21 | 0 blacklist entries have been loaded.
13. Aralik 2019 | 20:56:21 | 0 bad words have been loaded.
13. Aralik 2019 | 20:56:21 | 0 forbidden weapons have been loaded.
13. Aralik 2019 | 20:56:21 | ODUNSAVAR (v11) *************************************
13. Aralik 2019 | 21:02:47 | ODUNSAVAR (v11) *************************************
13. Aralik 2019 | 21:02:47 | 0 IP-bans have been loaded.
13. Aralik 2019 | 21:02:47 | 0 temporary bans have been loaded.
13. Aralik 2019 | 21:02:47 | 0 whitelist entries have been loaded.
13. Aralik 2019 | 21:02:47 | 0 blacklist entries have been loaded.
13. Aralik 2019 | 21:02:47 | 0 bad words have been loaded.
13. Aralik 2019 | 21:02:47 | 0 forbidden weapons have been loaded.
13. Aralik 2019 | 21:02:47 | ODUNSAVAR (v11) *************************************
13. Aralik 2019 | 21:13:36 | ODUNSAVAR (v11) *************************************
13. Aralik 2019 | 21:13:36 | 0 IP-bans have been loaded.
13. Aralik 2019 | 21:13:36 | 0 temporary bans have been loaded.
13. Aralik 2019 | 21:13:36 | 0 whitelist entries have been loaded.
13. Aralik 2019 | 21:13:36 | 0 blacklist entries have been loaded.
13. Aralik 2019 | 21:13:36 | 0 bad words have been loaded.
13. Aralik 2019 | 21:13:36 | 0 forbidden weapons have been loaded.
13. Aralik 2019 | 21:13:36 | ODUNSAVAR (v11) *************************************
13. Aralik 2019 | 21:47:55 | ODUNSAVAR (v11) *************************************
13. Aralik 2019 | 21:47:55 | 0 IP-bans have been loaded.
13. Aralik 2019 | 21:47:55 | 0 temporary bans have been loaded.
13. Aralik 2019 | 21:47:55 | 0 whitelist entries have been loaded.
13. Aralik 2019 | 21:47:55 | 0 blacklist entries have been loaded.
13. Aralik 2019 | 21:47:55 | 0 bad words have been loaded.
13. Aralik 2019 | 21:47:55 | 0 forbidden weapons have been loaded.
13. Aralik 2019 | 21:47:55 | ODUNSAVAR (v11) *************************************
13. Aralik 2019 | 21:49:04 | ODUNSAVAR (v11) *************************************
13. Aralik 2019 | 21:49:04 | 0 IP-bans have been loaded.
13. Aralik 2019 | 21:49:04 | 0 temporary bans have been loaded.
13. Aralik 2019 | 21:49:04 | 0 whitelist entries have been loaded.
13. Aralik 2019 | 21:49:04 | 0 blacklist entries have been loaded.
13. Aralik 2019 | 21:49:04 | 0 bad words have been loaded.
13. Aralik 2019 | 21:49:04 | 0 forbidden weapons have been loaded.
13. Aralik 2019 | 21:49:04 | ODUNSAVAR (v11) *************************************
13. Aralik 2019 | 22:01:21 | ODUNSAVAR (v11) *************************************
13. Aralik 2019 | 22:01:21 | 0 IP-bans have been loaded.
13. Aralik 2019 | 22:01:21 | 0 temporary bans have been loaded.
13. Aralik 2019 | 22:01:21 | 0 whitelist entries have been loaded.
13. Aralik 2019 | 22:01:21 | 0 blacklist entries have been loaded.
13. Aralik 2019 | 22:01:21 | 0 bad words have been loaded.
13. Aralik 2019 | 22:01:21 | 0 forbidden weapons have been loaded.
13. Aralik 2019 | 22:01:21 | ODUNSAVAR (v11) *************************************
13. Aralik 2019 | 22:23:07 | ODUNSAVAR (v11) *************************************
13. Aralik 2019 | 22:23:07 | 0 IP-bans have been loaded.
13. Aralik 2019 | 22:23:07 | 0 temporary bans have been loaded.
13. Aralik 2019 | 22:23:07 | 0 whitelist entries have been loaded.
13. Aralik 2019 | 22:23:07 | 0 blacklist entries have been loaded.
13. Aralik 2019 | 22:23:07 | 0 bad words have been loaded.
13. Aralik 2019 | 22:23:07 | 0 forbidden weapons have been loaded.
13. Aralik 2019 | 22:23:07 | ODUNSAVAR (v11) *************************************
13. Aralik 2019 | 22:31:32 | ODUNSAVAR (v11) *************************************
13. Aralik 2019 | 22:31:32 | 0 IP-bans have been loaded.
13. Aralik 2019 | 22:31:32 | 0 temporary bans have been loaded.
13. Aralik 2019 | 22:31:32 | 0 whitelist entries have been loaded.
13. Aralik 2019 | 22:31:32 | 0 blacklist entries have been loaded.
13. Aralik 2019 | 22:31:32 | 0 bad words have been loaded.
13. Aralik 2019 | 22:31:32 | 0 forbidden weapons have been loaded.
13. Aralik 2019 | 22:31:32 | ODUNSAVAR (v11) *************************************
14. Aralik 2019 | 16:18:49 | ODUNSAVAR (v11) *************************************
14. Aralik 2019 | 16:18:49 | 0 IP-bans have been loaded.
14. Aralik 2019 | 16:18:49 | 0 temporary bans have been loaded.
14. Aralik 2019 | 16:18:49 | 0 whitelist entries have been loaded.
14. Aralik 2019 | 16:18:49 | 0 blacklist entries have been loaded.
14. Aralik 2019 | 16:18:49 | 0 bad words have been loaded.
14. Aralik 2019 | 16:18:49 | 0 forbidden weapons have been loaded.
14. Aralik 2019 | 16:18:49 | ODUNSAVAR (v11) *************************************
18. Aralik 2019 | 18:19:42 | ODUNSAVAR (v11) *************************************
18. Aralik 2019 | 18:19:42 | 0 IP-bans have been loaded.
18. Aralik 2019 | 18:19:42 | 0 temporary bans have been loaded.
18. Aralik 2019 | 18:19:42 | 0 whitelist entries have been loaded.
18. Aralik 2019 | 18:19:42 | 0 blacklist entries have been loaded.
18. Aralik 2019 | 18:19:42 | 0 bad words have been loaded.
18. Aralik 2019 | 18:19:42 | 0 forbidden weapons have been loaded.
18. Aralik 2019 | 18:19:42 | ODUNSAVAR (v11) *************************************
18. Aralik 2019 | 18:37:59 | ODUNSAVAR (v11) *************************************
18. Aralik 2019 | 18:37:59 | 0 IP-bans have been loaded.
18. Aralik 2019 | 18:37:59 | 0 temporary bans have been loaded.
18. Aralik 2019 | 18:37:59 | 0 whitelist entries have been loaded.
18. Aralik 2019 | 18:37:59 | 0 blacklist entries have been loaded.
18. Aralik 2019 | 18:37:59 | 0 bad words have been loaded.
18. Aralik 2019 | 18:37:59 | 0 forbidden weapons have been loaded.
18. Aralik 2019 | 18:37:59 | ODUNSAVAR (v11) *************************************
18. Aralik 2019 | 18:42:26 | ODUNSAVAR (v11) *************************************
18. Aralik 2019 | 18:42:26 | 0 IP-bans have been loaded.
18. Aralik 2019 | 18:42:26 | 0 temporary bans have been loaded.
18. Aralik 2019 | 18:42:26 | 0 whitelist entries have been loaded.
18. Aralik 2019 | 18:42:26 | 0 blacklist entries have been loaded.
18. Aralik 2019 | 18:42:26 | 0 bad words have been loaded.
18. Aralik 2019 | 18:42:26 | 0 forbidden weapons have been loaded.
18. Aralik 2019 | 18:42:26 | ODUNSAVAR (v11) *************************************
18. Aralik 2019 | 18:45:18 | ODUNSAVAR (v11) *************************************
18. Aralik 2019 | 18:45:18 | 0 IP-bans have been loaded.
18. Aralik 2019 | 18:45:18 | 0 temporary bans have been loaded.
18. Aralik 2019 | 18:45:18 | 0 whitelist entries have been loaded.
18. Aralik 2019 | 18:45:18 | 0 blacklist entries have been loaded.
18. Aralik 2019 | 18:45:18 | 0 bad words have been loaded.
18. Aralik 2019 | 18:45:18 | 0 forbidden weapons have been loaded.
18. Aralik 2019 | 18:45:18 | ODUNSAVAR (v11) *************************************
18. Aralik 2019 | 19:11:12 | ODUNSAVAR (v11) *************************************
18. Aralik 2019 | 19:11:12 | 0 IP-bans have been loaded.
18. Aralik 2019 | 19:11:12 | 0 temporary bans have been loaded.
18. Aralik 2019 | 19:11:12 | 0 whitelist entries have been loaded.
18. Aralik 2019 | 19:11:12 | 0 blacklist entries have been loaded.
18. Aralik 2019 | 19:11:12 | 0 bad words have been loaded.
18. Aralik 2019 | 19:11:12 | 0 forbidden weapons have been loaded.
18. Aralik 2019 | 19:11:12 | ODUNSAVAR (v11) *************************************
19. Aralik 2019 | 00:48:56 | ODUNSAVAR (v11) *************************************
19. Aralik 2019 | 00:48:56 | 0 IP-bans have been loaded.
19. Aralik 2019 | 00:48:56 | 0 temporary bans have been loaded.
19. Aralik 2019 | 00:48:56 | 0 whitelist entries have been loaded.
19. Aralik 2019 | 00:48:56 | 0 blacklist entries have been loaded.
19. Aralik 2019 | 00:48:56 | 0 bad words have been loaded.
19. Aralik 2019 | 00:48:56 | 0 forbidden weapons have been loaded.
19. Aralik 2019 | 00:48:56 | ODUNSAVAR (v11) *************************************
19. Aralik 2019 | 00:51:47 | ODUNSAVAR (v11) *************************************
19. Aralik 2019 | 00:51:47 | 0 IP-bans have been loaded.
19. Aralik 2019 | 00:51:47 | 0 temporary bans have been loaded.
19. Aralik 2019 | 00:51:47 | 0 whitelist entries have been loaded.
19. Aralik 2019 | 00:51:47 | 0 blacklist entries have been loaded.
19. Aralik 2019 | 00:51:47 | 0 bad words have been loaded.
19. Aralik 2019 | 00:51:47 | 0 forbidden weapons have been loaded.
19. Aralik 2019 | 00:51:47 | ODUNSAVAR (v11) *************************************
24. Aralik 2019 | 00:25:11 | ODUNSAVAR (v11) *************************************
24. Aralik 2019 | 00:25:11 | 0 IP-bans have been loaded.
24. Aralik 2019 | 00:25:11 | 0 temporary bans have been loaded.
24. Aralik 2019 | 00:25:11 | 0 whitelist entries have been loaded.
24. Aralik 2019 | 00:25:11 | 0 blacklist entries have been loaded.
24. Aralik 2019 | 00:25:11 | 0 bad words have been loaded.
24. Aralik 2019 | 00:25:11 | 0 forbidden weapons have been loaded.
24. Aralik 2019 | 00:25:11 | ODUNSAVAR (v11) *************************************
24. Aralik 2019 | 00:28:52 | ODUNSAVAR (v11) *************************************
24. Aralik 2019 | 00:28:52 | 0 IP-bans have been loaded.
24. Aralik 2019 | 00:28:52 | 0 temporary bans have been loaded.
24. Aralik 2019 | 00:28:52 | 0 whitelist entries have been loaded.
24. Aralik 2019 | 00:28:52 | 0 blacklist entries have been loaded.
24. Aralik 2019 | 00:28:52 | 0 bad words have been loaded.
24. Aralik 2019 | 00:28:52 | 0 forbidden weapons have been loaded.
24. Aralik 2019 | 00:28:52 | ODUNSAVAR (v11) *************************************
26. Aralik 2019 | 14:47:30 | ODUNSAVAR (v11) *************************************
26. Aralik 2019 | 14:47:30 | 0 IP-bans have been loaded.
26. Aralik 2019 | 14:47:30 | 0 temporary bans have been loaded.
26. Aralik 2019 | 14:47:30 | 0 whitelist entries have been loaded.
26. Aralik 2019 | 14:47:30 | 0 blacklist entries have been loaded.
26. Aralik 2019 | 14:47:30 | 0 bad words have been loaded.
26. Aralik 2019 | 14:47:30 | 0 forbidden weapons have been loaded.
26. Aralik 2019 | 14:47:30 | ODUNSAVAR (v11) *************************************
26. Aralik 2019 | 14:59:27 | ODUNSAVAR (v11) *************************************
26. Aralik 2019 | 14:59:27 | 0 IP-bans have been loaded.
26. Aralik 2019 | 14:59:27 | 0 temporary bans have been loaded.
26. Aralik 2019 | 14:59:27 | 0 whitelist entries have been loaded.
26. Aralik 2019 | 14:59:27 | 0 blacklist entries have been loaded.
26. Aralik 2019 | 14:59:27 | 0 bad words have been loaded.
26. Aralik 2019 | 14:59:27 | 0 forbidden weapons have been loaded.
26. Aralik 2019 | 14:59:27 | ODUNSAVAR (v11) *************************************
26. Aralik 2019 | 15:03:15 | ODUNSAVAR (v11) *************************************
26. Aralik 2019 | 15:03:15 | 0 IP-bans have been loaded.
26. Aralik 2019 | 15:03:15 | 0 temporary bans have been loaded.
26. Aralik 2019 | 15:03:15 | 0 whitelist entries have been loaded.
26. Aralik 2019 | 15:03:15 | 0 blacklist entries have been loaded.
26. Aralik 2019 | 15:03:15 | 0 bad words have been loaded.
26. Aralik 2019 | 15:03:15 | 0 forbidden weapons have been loaded.
26. Aralik 2019 | 15:03:15 | ODUNSAVAR (v11) *************************************
26. Aralik 2019 | 19:06:07 | ODUNSAVAR (v11) *************************************
26. Aralik 2019 | 19:06:07 | 0 IP-bans have been loaded.
26. Aralik 2019 | 19:06:07 | 0 temporary bans have been loaded.
26. Aralik 2019 | 19:06:07 | 0 whitelist entries have been loaded.
26. Aralik 2019 | 19:06:07 | 0 blacklist entries have been loaded.
26. Aralik 2019 | 19:06:07 | 0 bad words have been loaded.
26. Aralik 2019 | 19:06:07 | 0 forbidden weapons have been loaded.
26. Aralik 2019 | 19:06:07 | ODUNSAVAR (v11) *************************************
26. Aralik 2019 | 19:18:16 | ODUNSAVAR (v11) *************************************
26. Aralik 2019 | 19:18:16 | 0 IP-bans have been loaded.
26. Aralik 2019 | 19:18:16 | 0 temporary bans have been loaded.
26. Aralik 2019 | 19:18:16 | 0 whitelist entries have been loaded.
26. Aralik 2019 | 19:18:16 | 0 blacklist entries have been loaded.
26. Aralik 2019 | 19:18:16 | 0 bad words have been loaded.
26. Aralik 2019 | 19:18:16 | 0 forbidden weapons have been loaded.
26. Aralik 2019 | 19:18:16 | ODUNSAVAR (v11) *************************************
26. Aralik 2019 | 19:21:50 | ODUNSAVAR (v11) *************************************
26. Aralik 2019 | 19:21:50 | 0 IP-bans have been loaded.
26. Aralik 2019 | 19:21:50 | 0 temporary bans have been loaded.
26. Aralik 2019 | 19:21:50 | 0 whitelist entries have been loaded.
26. Aralik 2019 | 19:21:50 | 0 blacklist entries have been loaded.
26. Aralik 2019 | 19:21:50 | 0 bad words have been loaded.
26. Aralik 2019 | 19:21:50 | 0 forbidden weapons have been loaded.
26. Aralik 2019 | 19:21:50 | ODUNSAVAR (v11) *************************************
26. Aralik 2019 | 20:34:04 | ODUNSAVAR (v11) *************************************
26. Aralik 2019 | 20:34:04 | 0 IP-bans have been loaded.
26. Aralik 2019 | 20:34:04 | 0 temporary bans have been loaded.
26. Aralik 2019 | 20:34:04 | 0 whitelist entries have been loaded.
26. Aralik 2019 | 20:34:04 | 0 blacklist entries have been loaded.
26. Aralik 2019 | 20:34:04 | 0 bad words have been loaded.
26. Aralik 2019 | 20:34:04 | 0 forbidden weapons have been loaded.
26. Aralik 2019 | 20:34:04 | ODUNSAVAR (v11) *************************************
26. Aralik 2019 | 21:22:45 | ODUNSAVAR (v11) *************************************
26. Aralik 2019 | 21:22:45 | 0 IP-bans have been loaded.
26. Aralik 2019 | 21:22:45 | 0 temporary bans have been loaded.
26. Aralik 2019 | 21:22:45 | 0 whitelist entries have been loaded.
26. Aralik 2019 | 21:22:45 | 0 blacklist entries have been loaded.
26. Aralik 2019 | 21:22:45 | 0 bad words have been loaded.
26. Aralik 2019 | 21:22:45 | 0 forbidden weapons have been loaded.
26. Aralik 2019 | 21:22:45 | ODUNSAVAR (v11) *************************************
26. Aralik 2019 | 21:36:00 | ODUNSAVAR (v11) *************************************
26. Aralik 2019 | 21:36:00 | 0 IP-bans have been loaded.
26. Aralik 2019 | 21:36:00 | 0 temporary bans have been loaded.
26. Aralik 2019 | 21:36:00 | 0 whitelist entries have been loaded.
26. Aralik 2019 | 21:36:00 | 0 blacklist entries have been loaded.
26. Aralik 2019 | 21:36:00 | 0 bad words have been loaded.
26. Aralik 2019 | 21:36:00 | 0 forbidden weapons have been loaded.
26. Aralik 2019 | 21:36:00 | ODUNSAVAR (v11) *************************************
26. Aralik 2019 | 21:49:19 | ODUNSAVAR (v11) *************************************
26. Aralik 2019 | 21:49:19 | 0 IP-bans have been loaded.
26. Aralik 2019 | 21:49:19 | 0 temporary bans have been loaded.
26. Aralik 2019 | 21:49:19 | 0 whitelist entries have been loaded.
26. Aralik 2019 | 21:49:19 | 0 blacklist entries have been loaded.
26. Aralik 2019 | 21:49:19 | 0 bad words have been loaded.
26. Aralik 2019 | 21:49:19 | 0 forbidden weapons have been loaded.
26. Aralik 2019 | 21:49:19 | ODUNSAVAR (v11) *************************************
26. Aralik 2019 | 21:53:15 | ODUNSAVAR (v11) *************************************
26. Aralik 2019 | 21:53:15 | 0 IP-bans have been loaded.
26. Aralik 2019 | 21:53:15 | 0 temporary bans have been loaded.
26. Aralik 2019 | 21:53:15 | 0 whitelist entries have been loaded.
26. Aralik 2019 | 21:53:15 | 0 blacklist entries have been loaded.
26. Aralik 2019 | 21:53:15 | 0 bad words have been loaded.
26. Aralik 2019 | 21:53:15 | 0 forbidden weapons have been loaded.
26. Aralik 2019 | 21:53:15 | ODUNSAVAR (v11) *************************************
26. Aralik 2019 | 21:58:08 | ODUNSAVAR (v11) *************************************
26. Aralik 2019 | 21:58:08 | 0 IP-bans have been loaded.
26. Aralik 2019 | 21:58:08 | 0 temporary bans have been loaded.
26. Aralik 2019 | 21:58:08 | 0 whitelist entries have been loaded.
26. Aralik 2019 | 21:58:08 | 0 blacklist entries have been loaded.
26. Aralik 2019 | 21:58:08 | 0 bad words have been loaded.
26. Aralik 2019 | 21:58:08 | 0 forbidden weapons have been loaded.
26. Aralik 2019 | 21:58:08 | ODUNSAVAR (v11) *************************************
26. Aralik 2019 | 22:14:36 | ODUNSAVAR (v11) *************************************
26. Aralik 2019 | 22:14:36 | 0 IP-bans have been loaded.
26. Aralik 2019 | 22:14:36 | 0 temporary bans have been loaded.
26. Aralik 2019 | 22:14:36 | 0 whitelist entries have been loaded.
26. Aralik 2019 | 22:14:36 | 0 blacklist entries have been loaded.
26. Aralik 2019 | 22:14:36 | 0 bad words have been loaded.
26. Aralik 2019 | 22:14:36 | 0 forbidden weapons have been loaded.
26. Aralik 2019 | 22:14:36 | ODUNSAVAR (v11) *************************************
26. Aralik 2019 | 22:26:52 | ODUNSAVAR (v11) *************************************
26. Aralik 2019 | 22:26:52 | 0 IP-bans have been loaded.
26. Aralik 2019 | 22:26:52 | 0 temporary bans have been loaded.
26. Aralik 2019 | 22:26:52 | 0 whitelist entries have been loaded.
26. Aralik 2019 | 22:26:52 | 0 blacklist entries have been loaded.
26. Aralik 2019 | 22:26:52 | 0 bad words have been loaded.
26. Aralik 2019 | 22:26:52 | 0 forbidden weapons have been loaded.
26. Aralik 2019 | 22:26:52 | ODUNSAVAR (v11) *************************************
26. Aralik 2019 | 22:31:14 | ODUNSAVAR (v11) *************************************
26. Aralik 2019 | 22:31:14 | 0 IP-bans have been loaded.
26. Aralik 2019 | 22:31:14 | 0 temporary bans have been loaded.
26. Aralik 2019 | 22:31:14 | 0 whitelist entries have been loaded.
26. Aralik 2019 | 22:31:14 | 0 blacklist entries have been loaded.
26. Aralik 2019 | 22:31:14 | 0 bad words have been loaded.
26. Aralik 2019 | 22:31:14 | 0 forbidden weapons have been loaded.
26. Aralik 2019 | 22:31:14 | ODUNSAVAR (v11) *************************************
26. Aralik 2019 | 22:35:04 | ODUNSAVAR (v11) *************************************
26. Aralik 2019 | 22:35:04 | 0 IP-bans have been loaded.
26. Aralik 2019 | 22:35:04 | 0 temporary bans have been loaded.
26. Aralik 2019 | 22:35:04 | 0 whitelist entries have been loaded.
26. Aralik 2019 | 22:35:04 | 0 blacklist entries have been loaded.
26. Aralik 2019 | 22:35:04 | 0 bad words have been loaded.
26. Aralik 2019 | 22:35:04 | 0 forbidden weapons have been loaded.
26. Aralik 2019 | 22:35:04 | ODUNSAVAR (v11) *************************************
26. Aralik 2019 | 22:38:47 | ODUNSAVAR (v11) *************************************
26. Aralik 2019 | 22:38:47 | 0 IP-bans have been loaded.
26. Aralik 2019 | 22:38:47 | 0 temporary bans have been loaded.
26. Aralik 2019 | 22:38:47 | 0 whitelist entries have been loaded.
26. Aralik 2019 | 22:38:47 | 0 blacklist entries have been loaded.
26. Aralik 2019 | 22:38:48 | 0 bad words have been loaded.
26. Aralik 2019 | 22:38:48 | 0 forbidden weapons have been loaded.
26. Aralik 2019 | 22:38:48 | ODUNSAVAR (v11) *************************************
26. Aralik 2019 | 22:45:47 | ODUNSAVAR (v11) *************************************
26. Aralik 2019 | 22:45:47 | 0 IP-bans have been loaded.
26. Aralik 2019 | 22:45:47 | 0 temporary bans have been loaded.
26. Aralik 2019 | 22:45:47 | 0 whitelist entries have been loaded.
26. Aralik 2019 | 22:45:47 | 0 blacklist entries have been loaded.
26. Aralik 2019 | 22:45:47 | 0 bad words have been loaded.
26. Aralik 2019 | 22:45:47 | 0 forbidden weapons have been loaded.
26. Aralik 2019 | 22:45:47 | ODUNSAVAR (v11) *************************************
26. Aralik 2019 | 22:48:48 | ODUNSAVAR (v11) *************************************
26. Aralik 2019 | 22:48:48 | 0 IP-bans have been loaded.
26. Aralik 2019 | 22:48:48 | 0 temporary bans have been loaded.
26. Aralik 2019 | 22:48:48 | 0 whitelist entries have been loaded.
26. Aralik 2019 | 22:48:48 | 0 blacklist entries have been loaded.
26. Aralik 2019 | 22:48:48 | 0 bad words have been loaded.
26. Aralik 2019 | 22:48:48 | 0 forbidden weapons have been loaded.
26. Aralik 2019 | 22:48:48 | ODUNSAVAR (v11) *************************************
26. Aralik 2019 | 23:11:41 | ODUNSAVAR (v11) *************************************
26. Aralik 2019 | 23:11:41 | 0 IP-bans have been loaded.
26. Aralik 2019 | 23:11:41 | 0 temporary bans have been loaded.
26. Aralik 2019 | 23:11:41 | 0 whitelist entries have been loaded.
26. Aralik 2019 | 23:11:41 | 0 blacklist entries have been loaded.
26. Aralik 2019 | 23:11:41 | 0 bad words have been loaded.
26. Aralik 2019 | 23:11:41 | 0 forbidden weapons have been loaded.
26. Aralik 2019 | 23:11:41 | ODUNSAVAR (v11) *************************************
26. Aralik 2019 | 23:32:02 | ODUNSAVAR (v11) *************************************
26. Aralik 2019 | 23:32:02 | 0 IP-bans have been loaded.
26. Aralik 2019 | 23:32:02 | 0 temporary bans have been loaded.
26. Aralik 2019 | 23:32:02 | 0 whitelist entries have been loaded.
26. Aralik 2019 | 23:32:02 | 0 blacklist entries have been loaded.
26. Aralik 2019 | 23:32:02 | 0 bad words have been loaded.
26. Aralik 2019 | 23:32:02 | 0 forbidden weapons have been loaded.
26. Aralik 2019 | 23:32:02 | ODUNSAVAR (v11) *************************************
26. Aralik 2019 | 23:38:35 | ODUNSAVAR (v11) *************************************
26. Aralik 2019 | 23:38:35 | 0 IP-bans have been loaded.
26. Aralik 2019 | 23:38:35 | 0 temporary bans have been loaded.
26. Aralik 2019 | 23:38:35 | 0 whitelist entries have been loaded.
26. Aralik 2019 | 23:38:35 | 0 blacklist entries have been loaded.
26. Aralik 2019 | 23:38:35 | 0 bad words have been loaded.
26. Aralik 2019 | 23:38:35 | 0 forbidden weapons have been loaded.
26. Aralik 2019 | 23:38:35 | ODUNSAVAR (v11) *************************************
26. Aralik 2019 | 23:44:37 | ODUNSAVAR (v11) *************************************
26. Aralik 2019 | 23:44:37 | 0 IP-bans have been loaded.
26. Aralik 2019 | 23:44:37 | 0 temporary bans have been loaded.
26. Aralik 2019 | 23:44:37 | 0 whitelist entries have been loaded.
26. Aralik 2019 | 23:44:37 | 0 blacklist entries have been loaded.
26. Aralik 2019 | 23:44:37 | 0 bad words have been loaded.
26. Aralik 2019 | 23:44:37 | 0 forbidden weapons have been loaded.
26. Aralik 2019 | 23:44:37 | ODUNSAVAR (v11) *************************************
26. Aralik 2019 | 23:51:50 | ODUNSAVAR (v11) *************************************
26. Aralik 2019 | 23:51:50 | 0 IP-bans have been loaded.
26. Aralik 2019 | 23:51:50 | 0 temporary bans have been loaded.
26. Aralik 2019 | 23:51:50 | 0 whitelist entries have been loaded.
26. Aralik 2019 | 23:51:50 | 0 blacklist entries have been loaded.
26. Aralik 2019 | 23:51:50 | 0 bad words have been loaded.
26. Aralik 2019 | 23:51:50 | 0 forbidden weapons have been loaded.
26. Aralik 2019 | 23:51:50 | ODUNSAVAR (v11) *************************************
26. Aralik 2019 | 23:54:45 | ODUNSAVAR (v11) *************************************
26. Aralik 2019 | 23:54:45 | 0 IP-bans have been loaded.
26. Aralik 2019 | 23:54:45 | 0 temporary bans have been loaded.
26. Aralik 2019 | 23:54:45 | 0 whitelist entries have been loaded.
26. Aralik 2019 | 23:54:45 | 0 blacklist entries have been loaded.
26. Aralik 2019 | 23:54:45 | 0 bad words have been loaded.
26. Aralik 2019 | 23:54:45 | 0 forbidden weapons have been loaded.
26. Aralik 2019 | 23:54:45 | ODUNSAVAR (v11) *************************************
27. Aralik 2019 | 00:00:06 | ODUNSAVAR (v11) *************************************
27. Aralik 2019 | 00:00:06 | 0 IP-bans have been loaded.
27. Aralik 2019 | 00:00:06 | 0 temporary bans have been loaded.
27. Aralik 2019 | 00:00:06 | 0 whitelist entries have been loaded.
27. Aralik 2019 | 00:00:06 | 0 blacklist entries have been loaded.
27. Aralik 2019 | 00:00:06 | 0 bad words have been loaded.
27. Aralik 2019 | 00:00:06 | 0 forbidden weapons have been loaded.
27. Aralik 2019 | 00:00:06 | ODUNSAVAR (v11) *************************************
27. Aralik 2019 | 00:06:06 | ODUNSAVAR (v11) *************************************
27. Aralik 2019 | 00:06:06 | 0 IP-bans have been loaded.
27. Aralik 2019 | 00:06:06 | 0 temporary bans have been loaded.
27. Aralik 2019 | 00:06:06 | 0 whitelist entries have been loaded.
27. Aralik 2019 | 00:06:06 | 0 blacklist entries have been loaded.
27. Aralik 2019 | 00:06:06 | 0 bad words have been loaded.
27. Aralik 2019 | 00:06:06 | 0 forbidden weapons have been loaded.
27. Aralik 2019 | 00:06:06 | ODUNSAVAR (v11) *************************************
27. Aralik 2019 | 00:28:35 | ODUNSAVAR (v11) *************************************
27. Aralik 2019 | 00:28:35 | 0 IP-bans have been loaded.
27. Aralik 2019 | 00:28:35 | 0 temporary bans have been loaded.
27. Aralik 2019 | 00:28:35 | 0 whitelist entries have been loaded.
27. Aralik 2019 | 00:28:35 | 0 blacklist entries have been loaded.
27. Aralik 2019 | 00:28:35 | 0 bad words have been loaded.
27. Aralik 2019 | 00:28:35 | 0 forbidden weapons have been loaded.
27. Aralik 2019 | 00:28:35 | ODUNSAVAR (v11) *************************************
27. Aralik 2019 | 00:28:52 | ODUNSAVAR (v11) *************************************
27. Aralik 2019 | 00:28:52 | 0 IP-bans have been loaded.
27. Aralik 2019 | 00:28:52 | 0 temporary bans have been loaded.
27. Aralik 2019 | 00:28:52 | 0 whitelist entries have been loaded.
27. Aralik 2019 | 00:28:52 | 0 blacklist entries have been loaded.
27. Aralik 2019 | 00:28:52 | 0 bad words have been loaded.
27. Aralik 2019 | 00:28:52 | 0 forbidden weapons have been loaded.
27. Aralik 2019 | 00:28:52 | ODUNSAVAR (v11) *************************************
27. Aralik 2019 | 11:16:36 | ODUNSAVAR (v11) *************************************
27. Aralik 2019 | 11:16:36 | 0 IP-bans have been loaded.
27. Aralik 2019 | 11:16:36 | 0 temporary bans have been loaded.
27. Aralik 2019 | 11:16:36 | 0 whitelist entries have been loaded.
27. Aralik 2019 | 11:16:36 | 0 blacklist entries have been loaded.
27. Aralik 2019 | 11:16:36 | 0 bad words have been loaded.
27. Aralik 2019 | 11:16:36 | 0 forbidden weapons have been loaded.
27. Aralik 2019 | 11:16:36 | ODUNSAVAR (v11) *************************************
27. Aralik 2019 | 11:21:24 | ODUNSAVAR (v11) *************************************
27. Aralik 2019 | 11:21:24 | 0 IP-bans have been loaded.
27. Aralik 2019 | 11:21:24 | 0 temporary bans have been loaded.
27. Aralik 2019 | 11:21:24 | 0 whitelist entries have been loaded.
27. Aralik 2019 | 11:21:24 | 0 blacklist entries have been loaded.
27. Aralik 2019 | 11:21:24 | 0 bad words have been loaded.
27. Aralik 2019 | 11:21:24 | 0 forbidden weapons have been loaded.
27. Aralik 2019 | 11:21:24 | ODUNSAVAR (v11) *************************************
27. Aralik 2019 | 11:23:55 | ODUNSAVAR (v11) *************************************
27. Aralik 2019 | 11:23:55 | 0 IP-bans have been loaded.
27. Aralik 2019 | 11:23:55 | 0 temporary bans have been loaded.
27. Aralik 2019 | 11:23:55 | 0 whitelist entries have been loaded.
27. Aralik 2019 | 11:23:55 | 0 blacklist entries have been loaded.
27. Aralik 2019 | 11:23:55 | 0 bad words have been loaded.
27. Aralik 2019 | 11:23:55 | 0 forbidden weapons have been loaded.
27. Aralik 2019 | 11:23:55 | ODUNSAVAR (v11) *************************************
27. Aralik 2019 | 21:04:49 | ODUNSAVAR (v11) *************************************
27. Aralik 2019 | 21:04:49 | 0 IP-bans have been loaded.
27. Aralik 2019 | 21:04:49 | 0 temporary bans have been loaded.
27. Aralik 2019 | 21:04:49 | 0 whitelist entries have been loaded.
27. Aralik 2019 | 21:04:49 | 0 blacklist entries have been loaded.
27. Aralik 2019 | 21:04:49 | 0 bad words have been loaded.
27. Aralik 2019 | 21:04:49 | 0 forbidden weapons have been loaded.
27. Aralik 2019 | 21:04:49 | ODUNSAVAR (v11) *************************************
27. Aralik 2019 | 21:33:35 | ODUNSAVAR (v11) *************************************
27. Aralik 2019 | 21:33:35 | 0 IP-bans have been loaded.
27. Aralik 2019 | 21:33:35 | 0 temporary bans have been loaded.
27. Aralik 2019 | 21:33:35 | 0 whitelist entries have been loaded.
27. Aralik 2019 | 21:33:35 | 0 blacklist entries have been loaded.
27. Aralik 2019 | 21:33:35 | 0 bad words have been loaded.
27. Aralik 2019 | 21:33:35 | 0 forbidden weapons have been loaded.
27. Aralik 2019 | 21:33:35 | ODUNSAVAR (v11) *************************************
27. Aralik 2019 | 23:58:00 | ODUNSAVAR (v11) *************************************
27. Aralik 2019 | 23:58:00 | 0 IP-bans have been loaded.
27. Aralik 2019 | 23:58:00 | 0 temporary bans have been loaded.
27. Aralik 2019 | 23:58:00 | 0 whitelist entries have been loaded.
27. Aralik 2019 | 23:58:00 | 0 blacklist entries have been loaded.
27. Aralik 2019 | 23:58:00 | 0 bad words have been loaded.
27. Aralik 2019 | 23:58:00 | 0 forbidden weapons have been loaded.
27. Aralik 2019 | 23:58:00 | ODUNSAVAR (v11) *************************************
28. Aralik 2019 | 00:05:53 | ODUNSAVAR (v11) *************************************
28. Aralik 2019 | 00:05:53 | 0 IP-bans have been loaded.
28. Aralik 2019 | 00:05:53 | 0 temporary bans have been loaded.
28. Aralik 2019 | 00:05:53 | 0 whitelist entries have been loaded.
28. Aralik 2019 | 00:05:53 | 0 blacklist entries have been loaded.
28. Aralik 2019 | 00:05:53 | 0 bad words have been loaded.
28. Aralik 2019 | 00:05:53 | 0 forbidden weapons have been loaded.
28. Aralik 2019 | 00:05:53 | ODUNSAVAR (v11) *************************************
28. Aralik 2019 | 15:36:22 | ODUNSAVAR (v11) *************************************
28. Aralik 2019 | 15:36:22 | 0 IP-bans have been loaded.
28. Aralik 2019 | 15:36:22 | 0 temporary bans have been loaded.
28. Aralik 2019 | 15:36:22 | 0 whitelist entries have been loaded.
28. Aralik 2019 | 15:36:22 | 0 blacklist entries have been loaded.
28. Aralik 2019 | 15:36:22 | 0 bad words have been loaded.
28. Aralik 2019 | 15:36:22 | 0 forbidden weapons have been loaded.
28. Aralik 2019 | 15:36:22 | ODUNSAVAR (v11) *************************************
28. Aralik 2019 | 15:42:14 | ODUNSAVAR (v11) *************************************
28. Aralik 2019 | 15:42:14 | 0 IP-bans have been loaded.
28. Aralik 2019 | 15:42:14 | 0 temporary bans have been loaded.
28. Aralik 2019 | 15:42:14 | 0 whitelist entries have been loaded.
28. Aralik 2019 | 15:42:14 | 0 blacklist entries have been loaded.
28. Aralik 2019 | 15:42:14 | 0 bad words have been loaded.
28. Aralik 2019 | 15:42:14 | 0 forbidden weapons have been loaded.
28. Aralik 2019 | 15:42:14 | ODUNSAVAR (v11) *************************************
28. Aralik 2019 | 15:43:48 | ODUNSAVAR (v11) *************************************
28. Aralik 2019 | 15:43:48 | 0 IP-bans have been loaded.
28. Aralik 2019 | 15:43:48 | 0 temporary bans have been loaded.
28. Aralik 2019 | 15:43:48 | 0 whitelist entries have been loaded.
28. Aralik 2019 | 15:43:48 | 0 blacklist entries have been loaded.
28. Aralik 2019 | 15:43:48 | 0 bad words have been loaded.
28. Aralik 2019 | 15:43:48 | 0 forbidden weapons have been loaded.
28. Aralik 2019 | 15:43:48 | ODUNSAVAR (v11) *************************************
28. Aralik 2019 | 15:48:00 | ODUNSAVAR (v11) *************************************
28. Aralik 2019 | 15:48:00 | 0 IP-bans have been loaded.
28. Aralik 2019 | 15:48:00 | 0 temporary bans have been loaded.
28. Aralik 2019 | 15:48:00 | 0 whitelist entries have been loaded.
28. Aralik 2019 | 15:48:00 | 0 blacklist entries have been loaded.
28. Aralik 2019 | 15:48:00 | 0 bad words have been loaded.
28. Aralik 2019 | 15:48:00 | 0 forbidden weapons have been loaded.
28. Aralik 2019 | 15:48:00 | ODUNSAVAR (v11) *************************************
28. Aralik 2019 | 15:53:51 | ODUNSAVAR (v11) *************************************
28. Aralik 2019 | 15:53:51 | 0 IP-bans have been loaded.
28. Aralik 2019 | 15:53:51 | 0 temporary bans have been loaded.
28. Aralik 2019 | 15:53:51 | 0 whitelist entries have been loaded.
28. Aralik 2019 | 15:53:51 | 0 blacklist entries have been loaded.
28. Aralik 2019 | 15:53:51 | 0 bad words have been loaded.
28. Aralik 2019 | 15:53:51 | 0 forbidden weapons have been loaded.
28. Aralik 2019 | 15:53:51 | ODUNSAVAR (v11) *************************************
28. Aralik 2019 | 18:19:18 | ODUNSAVAR (v11) *************************************
28. Aralik 2019 | 18:19:18 | 0 IP-bans have been loaded.
28. Aralik 2019 | 18:19:18 | 0 temporary bans have been loaded.
28. Aralik 2019 | 18:19:18 | 0 whitelist entries have been loaded.
28. Aralik 2019 | 18:19:18 | 0 blacklist entries have been loaded.
28. Aralik 2019 | 18:19:18 | 0 bad words have been loaded.
28. Aralik 2019 | 18:19:18 | 0 forbidden weapons have been loaded.
28. Aralik 2019 | 18:19:18 | ODUNSAVAR (v11) *************************************
29. Aralik 2019 | 11:15:58 | ODUNSAVAR (v11) *************************************
29. Aralik 2019 | 11:15:58 | 0 IP-bans have been loaded.
29. Aralik 2019 | 11:15:58 | 0 temporary bans have been loaded.
29. Aralik 2019 | 11:15:58 | 0 whitelist entries have been loaded.
29. Aralik 2019 | 11:15:58 | 0 blacklist entries have been loaded.
29. Aralik 2019 | 11:15:58 | 0 bad words have been loaded.
29. Aralik 2019 | 11:15:58 | 0 forbidden weapons have been loaded.
29. Aralik 2019 | 11:15:58 | ODUNSAVAR (v11) *************************************
29. Aralik 2019 | 12:48:57 | ODUNSAVAR (v11) *************************************
29. Aralik 2019 | 12:48:57 | 0 IP-bans have been loaded.
29. Aralik 2019 | 12:48:57 | 0 temporary bans have been loaded.
29. Aralik 2019 | 12:48:57 | 0 whitelist entries have been loaded.
29. Aralik 2019 | 12:48:57 | 0 blacklist entries have been loaded.
29. Aralik 2019 | 12:48:57 | 0 bad words have been loaded.
29. Aralik 2019 | 12:48:57 | 0 forbidden weapons have been loaded.
29. Aralik 2019 | 12:48:57 | ODUNSAVAR (v11) *************************************
29. Aralik 2019 | 13:01:11 | ODUNSAVAR (v11) *************************************
29. Aralik 2019 | 13:01:11 | 0 IP-bans have been loaded.
29. Aralik 2019 | 13:01:11 | 0 temporary bans have been loaded.
29. Aralik 2019 | 13:01:11 | 0 whitelist entries have been loaded.
29. Aralik 2019 | 13:01:11 | 0 blacklist entries have been loaded.
29. Aralik 2019 | 13:01:11 | 0 bad words have been loaded.
29. Aralik 2019 | 13:01:11 | 0 forbidden weapons have been loaded.
29. Aralik 2019 | 13:01:11 | ODUNSAVAR (v11) *************************************
31. Aralik 2019 | 12:32:57 | ODUNSAVAR (v11) *************************************
31. Aralik 2019 | 12:32:57 | 0 IP-bans have been loaded.
31. Aralik 2019 | 12:32:57 | 0 temporary bans have been loaded.
31. Aralik 2019 | 12:32:57 | 0 whitelist entries have been loaded.
31. Aralik 2019 | 12:32:57 | 0 blacklist entries have been loaded.
31. Aralik 2019 | 12:32:57 | 0 bad words have been loaded.
31. Aralik 2019 | 12:32:57 | 0 forbidden weapons have been loaded.
31. Aralik 2019 | 12:32:57 | ODUNSAVAR (v11) *************************************
31. Aralik 2019 | 12:36:00 | ODUNSAVAR (v11) *************************************
31. Aralik 2019 | 12:36:00 | 0 IP-bans have been loaded.
31. Aralik 2019 | 12:36:00 | 0 temporary bans have been loaded.
31. Aralik 2019 | 12:36:00 | 0 whitelist entries have been loaded.
31. Aralik 2019 | 12:36:00 | 0 blacklist entries have been loaded.
31. Aralik 2019 | 12:36:00 | 0 bad words have been loaded.
31. Aralik 2019 | 12:36:00 | 0 forbidden weapons have been loaded.
31. Aralik 2019 | 12:36:00 | ODUNSAVAR (v11) *************************************
31. Aralik 2019 | 12:44:32 | ODUNSAVAR (v11) *************************************
31. Aralik 2019 | 12:44:32 | 0 IP-bans have been loaded.
31. Aralik 2019 | 12:44:32 | 0 temporary bans have been loaded.
31. Aralik 2019 | 12:44:32 | 0 whitelist entries have been loaded.
31. Aralik 2019 | 12:44:32 | 0 blacklist entries have been loaded.
31. Aralik 2019 | 12:44:32 | 0 bad words have been loaded.
31. Aralik 2019 | 12:44:32 | 0 forbidden weapons have been loaded.
31. Aralik 2019 | 12:44:32 | ODUNSAVAR (v11) *************************************
31. Aralik 2019 | 12:48:17 | ODUNSAVAR (v11) *************************************
31. Aralik 2019 | 12:48:17 | 0 IP-bans have been loaded.
31. Aralik 2019 | 12:48:17 | 0 temporary bans have been loaded.
31. Aralik 2019 | 12:48:17 | 0 whitelist entries have been loaded.
31. Aralik 2019 | 12:48:17 | 0 blacklist entries have been loaded.
31. Aralik 2019 | 12:48:17 | 0 bad words have been loaded.
31. Aralik 2019 | 12:48:17 | 0 forbidden weapons have been loaded.
31. Aralik 2019 | 12:48:17 | ODUNSAVAR (v11) *************************************
31. Aralik 2019 | 14:14:26 | ODUNSAVAR (v11) *************************************
31. Aralik 2019 | 14:14:26 | 0 IP-bans have been loaded.
31. Aralik 2019 | 14:14:26 | 0 temporary bans have been loaded.
31. Aralik 2019 | 14:14:26 | 0 whitelist entries have been loaded.
31. Aralik 2019 | 14:14:26 | 0 blacklist entries have been loaded.
31. Aralik 2019 | 14:14:26 | 0 bad words have been loaded.
31. Aralik 2019 | 14:14:26 | 0 forbidden weapons have been loaded.
31. Aralik 2019 | 14:14:26 | ODUNSAVAR (v11) *************************************
31. Aralik 2019 | 14:18:45 | ODUNSAVAR (v11) *************************************
31. Aralik 2019 | 14:18:45 | 0 IP-bans have been loaded.
31. Aralik 2019 | 14:18:45 | 0 temporary bans have been loaded.
31. Aralik 2019 | 14:18:45 | 0 whitelist entries have been loaded.
31. Aralik 2019 | 14:18:45 | 0 blacklist entries have been loaded.
31. Aralik 2019 | 14:18:45 | 0 bad words have been loaded.
31. Aralik 2019 | 14:18:45 | 0 forbidden weapons have been loaded.
31. Aralik 2019 | 14:18:45 | ODUNSAVAR (v11) *************************************
31. Aralik 2019 | 14:19:50 | ODUNSAVAR (v11) *************************************
31. Aralik 2019 | 14:19:50 | 0 IP-bans have been loaded.
31. Aralik 2019 | 14:19:50 | 0 temporary bans have been loaded.
31. Aralik 2019 | 14:19:50 | 0 whitelist entries have been loaded.
31. Aralik 2019 | 14:19:50 | 0 blacklist entries have been loaded.
31. Aralik 2019 | 14:19:50 | 0 bad words have been loaded.
31. Aralik 2019 | 14:19:50 | 0 forbidden weapons have been loaded.
31. Aralik 2019 | 14:19:50 | ODUNSAVAR (v11) *************************************
2. Ocak 2020 | 14:13:10 | ODUNSAVAR (v11) *************************************
2. Ocak 2020 | 14:13:10 | 0 IP-bans have been loaded.
2. Ocak 2020 | 14:13:10 | 0 temporary bans have been loaded.
2. Ocak 2020 | 14:13:10 | 0 whitelist entries have been loaded.
2. Ocak 2020 | 14:13:10 | 0 blacklist entries have been loaded.
2. Ocak 2020 | 14:13:10 | 0 bad words have been loaded.
2. Ocak 2020 | 14:13:10 | 0 forbidden weapons have been loaded.
2. Ocak 2020 | 14:13:10 | ODUNSAVAR (v11) *************************************
2. Ocak 2020 | 14:16:37 | ODUNSAVAR (v11) *************************************
2. Ocak 2020 | 14:16:37 | 0 IP-bans have been loaded.
2. Ocak 2020 | 14:16:37 | 0 temporary bans have been loaded.
2. Ocak 2020 | 14:16:37 | 0 whitelist entries have been loaded.
2. Ocak 2020 | 14:16:37 | 0 blacklist entries have been loaded.
2. Ocak 2020 | 14:16:37 | 0 bad words have been loaded.
2. Ocak 2020 | 14:16:37 | 0 forbidden weapons have been loaded.
2. Ocak 2020 | 14:16:37 | ODUNSAVAR (v11) *************************************
2. Ocak 2020 | 14:19:48 | ODUNSAVAR (v11) *************************************
2. Ocak 2020 | 14:19:48 | 0 IP-bans have been loaded.
2. Ocak 2020 | 14:19:48 | 0 temporary bans have been loaded.
2. Ocak 2020 | 14:19:48 | 0 whitelist entries have been loaded.
2. Ocak 2020 | 14:19:48 | 0 blacklist entries have been loaded.
2. Ocak 2020 | 14:19:48 | 0 bad words have been loaded.
2. Ocak 2020 | 14:19:48 | 0 forbidden weapons have been loaded.
2. Ocak 2020 | 14:19:48 | ODUNSAVAR (v11) *************************************
8. Ocak 2020 | 20:10:18 | ODUNSAVAR (v11) *************************************
8. Ocak 2020 | 20:10:18 | 0 IP-bans have been loaded.
8. Ocak 2020 | 20:10:18 | 0 temporary bans have been loaded.
8. Ocak 2020 | 20:10:18 | 0 whitelist entries have been loaded.
8. Ocak 2020 | 20:10:18 | 0 blacklist entries have been loaded.
8. Ocak 2020 | 20:10:18 | 0 bad words have been loaded.
8. Ocak 2020 | 20:10:18 | 0 forbidden weapons have been loaded.
8. Ocak 2020 | 20:10:18 | ODUNSAVAR (v11) *************************************
10. Ocak 2020 | 18:34:38 | ODUNSAVAR (v11) *************************************
10. Ocak 2020 | 18:34:38 | 0 IP-bans have been loaded.
10. Ocak 2020 | 18:34:38 | 0 temporary bans have been loaded.
10. Ocak 2020 | 18:34:38 | 0 whitelist entries have been loaded.
10. Ocak 2020 | 18:34:38 | 0 blacklist entries have been loaded.
10. Ocak 2020 | 18:34:38 | 0 bad words have been loaded.
10. Ocak 2020 | 18:34:38 | 0 forbidden weapons have been loaded.
10. Ocak 2020 | 18:34:38 | ODUNSAVAR (v11) *************************************
10. Ocak 2020 | 18:46:18 | ODUNSAVAR (v11) *************************************
10. Ocak 2020 | 18:46:18 | 0 IP-bans have been loaded.
10. Ocak 2020 | 18:46:18 | 0 temporary bans have been loaded.
10. Ocak 2020 | 18:46:18 | 0 whitelist entries have been loaded.
10. Ocak 2020 | 18:46:18 | 0 blacklist entries have been loaded.
10. Ocak 2020 | 18:46:18 | 0 bad words have been loaded.
10. Ocak 2020 | 18:46:18 | 0 forbidden weapons have been loaded.
10. Ocak 2020 | 18:46:18 | ODUNSAVAR (v11) *************************************
14. Ocak 2020 | 17:38:42 | ODUNSAVAR (v11) *************************************
14. Ocak 2020 | 17:38:42 | 0 IP-bans have been loaded.
14. Ocak 2020 | 17:38:42 | 0 temporary bans have been loaded.
14. Ocak 2020 | 17:38:42 | 0 whitelist entries have been loaded.
14. Ocak 2020 | 17:38:42 | 0 blacklist entries have been loaded.
14. Ocak 2020 | 17:38:42 | 0 bad words have been loaded.
14. Ocak 2020 | 17:38:42 | 0 forbidden weapons have been loaded.
14. Ocak 2020 | 17:38:42 | ODUNSAVAR (v11) *************************************
14. Ocak 2020 | 23:03:55 | ODUNSAVAR (v11) *************************************
14. Ocak 2020 | 23:03:55 | 0 IP-bans have been loaded.
14. Ocak 2020 | 23:03:55 | 0 temporary bans have been loaded.
14. Ocak 2020 | 23:03:55 | 0 whitelist entries have been loaded.
14. Ocak 2020 | 23:03:55 | 0 blacklist entries have been loaded.
14. Ocak 2020 | 23:03:55 | 0 bad words have been loaded.
14. Ocak 2020 | 23:03:55 | 0 forbidden weapons have been loaded.
14. Ocak 2020 | 23:03:55 | ODUNSAVAR (v11) *************************************
14. Ocak 2020 | 23:06:29 | ODUNSAVAR (v11) *************************************
14. Ocak 2020 | 23:06:29 | 0 IP-bans have been loaded.
14. Ocak 2020 | 23:06:29 | 0 temporary bans have been loaded.
14. Ocak 2020 | 23:06:29 | 0 whitelist entries have been loaded.
14. Ocak 2020 | 23:06:29 | 0 blacklist entries have been loaded.
14. Ocak 2020 | 23:06:29 | 0 bad words have been loaded.
14. Ocak 2020 | 23:06:29 | 0 forbidden weapons have been loaded.
14. Ocak 2020 | 23:06:29 | ODUNSAVAR (v11) *************************************
14. Ocak 2020 | 23:07:47 | ODUNSAVAR (v11) *************************************
14. Ocak 2020 | 23:07:47 | 0 IP-bans have been loaded.
14. Ocak 2020 | 23:07:47 | 0 temporary bans have been loaded.
14. Ocak 2020 | 23:07:47 | 0 whitelist entries have been loaded.
14. Ocak 2020 | 23:07:47 | 0 blacklist entries have been loaded.
14. Ocak 2020 | 23:07:47 | 0 bad words have been loaded.
14. Ocak 2020 | 23:07:47 | 0 forbidden weapons have been loaded.
14. Ocak 2020 | 23:07:47 | ODUNSAVAR (v11) *************************************
14. Ocak 2020 | 23:11:18 | ODUNSAVAR (v11) *************************************
14. Ocak 2020 | 23:11:18 | 0 IP-bans have been loaded.
14. Ocak 2020 | 23:11:18 | 0 temporary bans have been loaded.
14. Ocak 2020 | 23:11:18 | 0 whitelist entries have been loaded.
14. Ocak 2020 | 23:11:18 | 0 blacklist entries have been loaded.
14. Ocak 2020 | 23:11:18 | 0 bad words have been loaded.
14. Ocak 2020 | 23:11:18 | 0 forbidden weapons have been loaded.
14. Ocak 2020 | 23:11:18 | ODUNSAVAR (v11) *************************************
14. Ocak 2020 | 23:16:53 | ODUNSAVAR (v11) *************************************
14. Ocak 2020 | 23:16:53 | 0 IP-bans have been loaded.
14. Ocak 2020 | 23:16:53 | 0 temporary bans have been loaded.
14. Ocak 2020 | 23:16:53 | 0 whitelist entries have been loaded.
14. Ocak 2020 | 23:16:53 | 0 blacklist entries have been loaded.
14. Ocak 2020 | 23:16:53 | 0 bad words have been loaded.
14. Ocak 2020 | 23:16:53 | 0 forbidden weapons have been loaded.
14. Ocak 2020 | 23:16:53 | ODUNSAVAR (v11) *************************************
14. Ocak 2020 | 23:59:06 | ODUNSAVAR (v11) *************************************
14. Ocak 2020 | 23:59:06 | 0 IP-bans have been loaded.
14. Ocak 2020 | 23:59:06 | 0 temporary bans have been loaded.
14. Ocak 2020 | 23:59:06 | 0 whitelist entries have been loaded.
14. Ocak 2020 | 23:59:06 | 0 blacklist entries have been loaded.
14. Ocak 2020 | 23:59:06 | 0 bad words have been loaded.
14. Ocak 2020 | 23:59:06 | 0 forbidden weapons have been loaded.
14. Ocak 2020 | 23:59:06 | ODUNSAVAR (v11) *************************************
15. Ocak 2020 | 11:59:24 | ODUNSAVAR (v11) *************************************
15. Ocak 2020 | 11:59:24 | 0 IP-bans have been loaded.
15. Ocak 2020 | 11:59:24 | 0 temporary bans have been loaded.
15. Ocak 2020 | 11:59:24 | 0 whitelist entries have been loaded.
15. Ocak 2020 | 11:59:24 | 0 blacklist entries have been loaded.
15. Ocak 2020 | 11:59:24 | 0 bad words have been loaded.
15. Ocak 2020 | 11:59:24 | 0 forbidden weapons have been loaded.
15. Ocak 2020 | 11:59:24 | ODUNSAVAR (v11) *************************************
15. Ocak 2020 | 14:54:49 | ODUNSAVAR (v11) *************************************
15. Ocak 2020 | 14:54:49 | 0 IP-bans have been loaded.
15. Ocak 2020 | 14:54:49 | 0 temporary bans have been loaded.
15. Ocak 2020 | 14:54:49 | 0 whitelist entries have been loaded.
15. Ocak 2020 | 14:54:49 | 0 blacklist entries have been loaded.
15. Ocak 2020 | 14:54:49 | 0 bad words have been loaded.
15. Ocak 2020 | 14:54:49 | 0 forbidden weapons have been loaded.
15. Ocak 2020 | 14:54:49 | ODUNSAVAR (v11) *************************************
15. Ocak 2020 | 15:02:30 | ODUNSAVAR (v11) *************************************
15. Ocak 2020 | 15:02:30 | 0 IP-bans have been loaded.
15. Ocak 2020 | 15:02:30 | 0 temporary bans have been loaded.
15. Ocak 2020 | 15:02:30 | 0 whitelist entries have been loaded.
15. Ocak 2020 | 15:02:30 | 0 blacklist entries have been loaded.
15. Ocak 2020 | 15:02:30 | 0 bad words have been loaded.
15. Ocak 2020 | 15:02:30 | 0 forbidden weapons have been loaded.
15. Ocak 2020 | 15:02:30 | ODUNSAVAR (v11) *************************************
17. Ocak 2020 | 09:44:56 | ODUNSAVAR (v11) *************************************
17. Ocak 2020 | 09:44:56 | 0 IP-bans have been loaded.
17. Ocak 2020 | 09:44:56 | 0 temporary bans have been loaded.
17. Ocak 2020 | 09:44:56 | 0 whitelist entries have been loaded.
17. Ocak 2020 | 09:44:56 | 0 blacklist entries have been loaded.
17. Ocak 2020 | 09:44:56 | 0 bad words have been loaded.
17. Ocak 2020 | 09:44:56 | 0 forbidden weapons have been loaded.
17. Ocak 2020 | 09:44:56 | ODUNSAVAR (v11) *************************************
17. Ocak 2020 | 11:21:01 | ODUNSAVAR (v11) *************************************
17. Ocak 2020 | 11:21:01 | 0 IP-bans have been loaded.
17. Ocak 2020 | 11:21:01 | 0 temporary bans have been loaded.
17. Ocak 2020 | 11:21:01 | 0 whitelist entries have been loaded.
17. Ocak 2020 | 11:21:01 | 0 blacklist entries have been loaded.
17. Ocak 2020 | 11:21:01 | 0 bad words have been loaded.
17. Ocak 2020 | 11:21:01 | 0 forbidden weapons have been loaded.
17. Ocak 2020 | 11:21:01 | ODUNSAVAR (v11) *************************************
17. Ocak 2020 | 11:25:28 | ODUNSAVAR (v11) *************************************
17. Ocak 2020 | 11:25:28 | 0 IP-bans have been loaded.
17. Ocak 2020 | 11:25:28 | 0 temporary bans have been loaded.
17. Ocak 2020 | 11:25:28 | 0 whitelist entries have been loaded.
17. Ocak 2020 | 11:25:28 | 0 blacklist entries have been loaded.
17. Ocak 2020 | 11:25:28 | 0 bad words have been loaded.
17. Ocak 2020 | 11:25:28 | 0 forbidden weapons have been loaded.
17. Ocak 2020 | 11:25:28 | ODUNSAVAR (v11) *************************************
17. Ocak 2020 | 14:27:51 | ODUNSAVAR (v11) *************************************
17. Ocak 2020 | 14:27:52 | 0 IP-bans have been loaded.
17. Ocak 2020 | 14:27:52 | 0 temporary bans have been loaded.
17. Ocak 2020 | 14:27:52 | 0 whitelist entries have been loaded.
17. Ocak 2020 | 14:27:52 | 0 blacklist entries have been loaded.
17. Ocak 2020 | 14:27:52 | 0 bad words have been loaded.
17. Ocak 2020 | 14:27:52 | 0 forbidden weapons have been loaded.
17. Ocak 2020 | 14:27:52 | ODUNSAVAR (v11) *************************************
17. Ocak 2020 | 14:36:32 | ODUNSAVAR (v11) *************************************
17. Ocak 2020 | 14:36:32 | 0 IP-bans have been loaded.
17. Ocak 2020 | 14:36:32 | 0 temporary bans have been loaded.
17. Ocak 2020 | 14:36:32 | 0 whitelist entries have been loaded.
17. Ocak 2020 | 14:36:32 | 0 blacklist entries have been loaded.
17. Ocak 2020 | 14:36:32 | 0 bad words have been loaded.
17. Ocak 2020 | 14:36:32 | 0 forbidden weapons have been loaded.
17. Ocak 2020 | 14:36:32 | ODUNSAVAR (v11) *************************************
17. Ocak 2020 | 20:13:00 | ODUNSAVAR (v11) *************************************
17. Ocak 2020 | 20:13:00 | 0 IP-bans have been loaded.
17. Ocak 2020 | 20:13:00 | 0 temporary bans have been loaded.
17. Ocak 2020 | 20:13:00 | 0 whitelist entries have been loaded.
17. Ocak 2020 | 20:13:00 | 0 blacklist entries have been loaded.
17. Ocak 2020 | 20:13:00 | 0 bad words have been loaded.
17. Ocak 2020 | 20:13:00 | 0 forbidden weapons have been loaded.
17. Ocak 2020 | 20:13:00 | ODUNSAVAR (v11) *************************************
17. Ocak 2020 | 20:28:56 | ODUNSAVAR (v11) *************************************
17. Ocak 2020 | 20:28:56 | 0 IP-bans have been loaded.
17. Ocak 2020 | 20:28:56 | 0 temporary bans have been loaded.
17. Ocak 2020 | 20:28:56 | 0 whitelist entries have been loaded.
17. Ocak 2020 | 20:28:56 | 0 blacklist entries have been loaded.
17. Ocak 2020 | 20:28:56 | 0 bad words have been loaded.
17. Ocak 2020 | 20:28:56 | 0 forbidden weapons have been loaded.
17. Ocak 2020 | 20:28:56 | ODUNSAVAR (v11) *************************************
21. Ocak 2020 | 22:54:42 | ODUNSAVAR (v11) *************************************
21. Ocak 2020 | 22:54:42 | 0 IP-bans have been loaded.
21. Ocak 2020 | 22:54:42 | 0 temporary bans have been loaded.
21. Ocak 2020 | 22:54:42 | 0 whitelist entries have been loaded.
21. Ocak 2020 | 22:54:42 | 0 blacklist entries have been loaded.
21. Ocak 2020 | 22:54:42 | 0 bad words have been loaded.
21. Ocak 2020 | 22:54:42 | 0 forbidden weapons have been loaded.
21. Ocak 2020 | 22:54:42 | ODUNSAVAR (v11) *************************************
21. Ocak 2020 | 22:56:56 | ODUNSAVAR (v11) *************************************
21. Ocak 2020 | 22:56:56 | 0 IP-bans have been loaded.
21. Ocak 2020 | 22:56:56 | 0 temporary bans have been loaded.
21. Ocak 2020 | 22:56:56 | 0 whitelist entries have been loaded.
21. Ocak 2020 | 22:56:56 | 0 blacklist entries have been loaded.
21. Ocak 2020 | 22:56:56 | 0 bad words have been loaded.
21. Ocak 2020 | 22:56:56 | 0 forbidden weapons have been loaded.
21. Ocak 2020 | 22:56:56 | ODUNSAVAR (v11) *************************************
4. Subat 2020 | 00:20:03 | ODUNSAVAR (v11) *************************************
4. Subat 2020 | 00:20:03 | 0 IP-bans have been loaded.
4. Subat 2020 | 00:20:03 | 0 temporary bans have been loaded.
4. Subat 2020 | 00:20:03 | 0 whitelist entries have been loaded.
4. Subat 2020 | 00:20:03 | 0 blacklist entries have been loaded.
4. Subat 2020 | 00:20:03 | 0 bad words have been loaded.
4. Subat 2020 | 00:20:03 | 0 forbidden weapons have been loaded.
4. Subat 2020 | 00:20:03 | ODUNSAVAR (v11) *************************************
4. Subat 2020 | 00:26:49 | ODUNSAVAR (v11) *************************************
4. Subat 2020 | 00:26:49 | 0 IP-bans have been loaded.
4. Subat 2020 | 00:26:49 | 0 temporary bans have been loaded.
4. Subat 2020 | 00:26:49 | 0 whitelist entries have been loaded.
4. Subat 2020 | 00:26:49 | 0 blacklist entries have been loaded.
4. Subat 2020 | 00:26:49 | 0 bad words have been loaded.
4. Subat 2020 | 00:26:49 | 0 forbidden weapons have been loaded.
4. Subat 2020 | 00:26:49 | ODUNSAVAR (v11) *************************************
4. Subat 2020 | 00:42:57 | ODUNSAVAR (v11) *************************************
4. Subat 2020 | 00:42:57 | 0 IP-bans have been loaded.
4. Subat 2020 | 00:42:57 | 0 temporary bans have been loaded.
4. Subat 2020 | 00:42:57 | 0 whitelist entries have been loaded.
4. Subat 2020 | 00:42:57 | 0 blacklist entries have been loaded.
4. Subat 2020 | 00:42:57 | 0 bad words have been loaded.
4. Subat 2020 | 00:42:57 | 0 forbidden weapons have been loaded.
4. Subat 2020 | 00:42:57 | ODUNSAVAR (v11) *************************************
4. Subat 2020 | 00:48:13 | ODUNSAVAR (v11) *************************************
4. Subat 2020 | 00:48:13 | 0 IP-bans have been loaded.
4. Subat 2020 | 00:48:13 | 0 temporary bans have been loaded.
4. Subat 2020 | 00:48:13 | 0 whitelist entries have been loaded.
4. Subat 2020 | 00:48:13 | 0 blacklist entries have been loaded.
4. Subat 2020 | 00:48:13 | 0 bad words have been loaded.
4. Subat 2020 | 00:48:13 | 0 forbidden weapons have been loaded.
4. Subat 2020 | 00:48:13 | ODUNSAVAR (v11) *************************************
4. Subat 2020 | 13:13:06 | ODUNSAVAR (v11) *************************************
4. Subat 2020 | 13:13:06 | 0 IP-bans have been loaded.
4. Subat 2020 | 13:13:06 | 0 temporary bans have been loaded.
4. Subat 2020 | 13:13:06 | 0 whitelist entries have been loaded.
4. Subat 2020 | 13:13:06 | 0 blacklist entries have been loaded.
4. Subat 2020 | 13:13:06 | 0 bad words have been loaded.
4. Subat 2020 | 13:13:06 | 0 forbidden weapons have been loaded.
4. Subat 2020 | 13:13:06 | ODUNSAVAR (v11) *************************************
4. Subat 2020 | 13:19:41 | ODUNSAVAR (v11) *************************************
4. Subat 2020 | 13:19:41 | 0 IP-bans have been loaded.
4. Subat 2020 | 13:19:41 | 0 temporary bans have been loaded.
4. Subat 2020 | 13:19:41 | 0 whitelist entries have been loaded.
4. Subat 2020 | 13:19:41 | 0 blacklist entries have been loaded.
4. Subat 2020 | 13:19:41 | 0 bad words have been loaded.
4. Subat 2020 | 13:19:41 | 0 forbidden weapons have been loaded.
4. Subat 2020 | 13:19:41 | ODUNSAVAR (v11) *************************************
4. Subat 2020 | 13:25:16 | ODUNSAVAR (v11) *************************************
4. Subat 2020 | 13:25:16 | 0 IP-bans have been loaded.
4. Subat 2020 | 13:25:16 | 0 temporary bans have been loaded.
4. Subat 2020 | 13:25:16 | 0 whitelist entries have been loaded.
4. Subat 2020 | 13:25:16 | 0 blacklist entries have been loaded.
4. Subat 2020 | 13:25:16 | 0 bad words have been loaded.
4. Subat 2020 | 13:25:16 | 0 forbidden weapons have been loaded.
4. Subat 2020 | 13:25:16 | ODUNSAVAR (v11) *************************************
4. Subat 2020 | 13:29:36 | ODUNSAVAR (v11) *************************************
4. Subat 2020 | 13:29:36 | 0 IP-bans have been loaded.
4. Subat 2020 | 13:29:36 | 0 temporary bans have been loaded.
4. Subat 2020 | 13:29:36 | 0 whitelist entries have been loaded.
4. Subat 2020 | 13:29:36 | 0 blacklist entries have been loaded.
4. Subat 2020 | 13:29:36 | 0 bad words have been loaded.
4. Subat 2020 | 13:29:36 | 0 forbidden weapons have been loaded.
4. Subat 2020 | 13:29:36 | ODUNSAVAR (v11) *************************************
12. Subat 2020 | 14:45:17 | ODUNSAVAR (v11) *************************************
12. Subat 2020 | 14:45:17 | 0 IP-bans have been loaded.
12. Subat 2020 | 14:45:17 | 0 temporary bans have been loaded.
12. Subat 2020 | 14:45:17 | 0 whitelist entries have been loaded.
12. Subat 2020 | 14:45:17 | 0 blacklist entries have been loaded.
12. Subat 2020 | 14:45:17 | 0 bad words have been loaded.
12. Subat 2020 | 14:45:17 | 0 forbidden weapons have been loaded.
12. Subat 2020 | 14:45:17 | ODUNSAVAR (v11) *************************************
12. Subat 2020 | 14:53:26 | ODUNSAVAR (v11) *************************************
12. Subat 2020 | 14:53:26 | 0 IP-bans have been loaded.
12. Subat 2020 | 14:53:26 | 0 temporary bans have been loaded.
12. Subat 2020 | 14:53:26 | 0 whitelist entries have been loaded.
12. Subat 2020 | 14:53:26 | 0 blacklist entries have been loaded.
12. Subat 2020 | 14:53:26 | 0 bad words have been loaded.
12. Subat 2020 | 14:53:26 | 0 forbidden weapons have been loaded.
12. Subat 2020 | 14:53:26 | ODUNSAVAR (v11) *************************************
16. Subat 2020 | 12:40:31 | ODUNSAVAR (v11) *************************************
16. Subat 2020 | 12:40:31 | 0 IP-bans have been loaded.
16. Subat 2020 | 12:40:31 | 0 temporary bans have been loaded.
16. Subat 2020 | 12:40:31 | 0 whitelist entries have been loaded.
16. Subat 2020 | 12:40:31 | 0 blacklist entries have been loaded.
16. Subat 2020 | 12:40:31 | 0 bad words have been loaded.
16. Subat 2020 | 12:40:31 | 0 forbidden weapons have been loaded.
16. Subat 2020 | 12:40:31 | ODUNSAVAR (v11) *************************************
16. Subat 2020 | 12:52:13 | ODUNSAVAR (v11) *************************************
16. Subat 2020 | 12:52:13 | 0 IP-bans have been loaded.
16. Subat 2020 | 12:52:13 | 0 temporary bans have been loaded.
16. Subat 2020 | 12:52:13 | 0 whitelist entries have been loaded.
16. Subat 2020 | 12:52:13 | 0 blacklist entries have been loaded.
16. Subat 2020 | 12:52:13 | 0 bad words have been loaded.
16. Subat 2020 | 12:52:13 | 0 forbidden weapons have been loaded.
16. Subat 2020 | 12:52:13 | ODUNSAVAR (v11) *************************************
17. Subat 2020 | 20:08:58 | ODUNSAVAR (v11) *************************************
17. Subat 2020 | 20:08:58 | 0 IP-bans have been loaded.
17. Subat 2020 | 20:08:58 | 0 temporary bans have been loaded.
17. Subat 2020 | 20:08:58 | 0 whitelist entries have been loaded.
17. Subat 2020 | 20:08:58 | 0 blacklist entries have been loaded.
17. Subat 2020 | 20:08:58 | 0 bad words have been loaded.
17. Subat 2020 | 20:08:58 | 0 forbidden weapons have been loaded.
17. Subat 2020 | 20:08:58 | ODUNSAVAR (v11) *************************************
17. Subat 2020 | 21:30:17 | ODUNSAVAR (v11) *************************************
17. Subat 2020 | 21:30:17 | 0 IP-bans have been loaded.
17. Subat 2020 | 21:30:17 | 0 temporary bans have been loaded.
17. Subat 2020 | 21:30:17 | 0 whitelist entries have been loaded.
17. Subat 2020 | 21:30:17 | 0 blacklist entries have been loaded.
17. Subat 2020 | 21:30:17 | 0 bad words have been loaded.
17. Subat 2020 | 21:30:17 | 0 forbidden weapons have been loaded.
17. Subat 2020 | 21:30:17 | ODUNSAVAR (v11) *************************************
17. Subat 2020 | 21:54:58 | ODUNSAVAR (v11) *************************************
17. Subat 2020 | 21:54:58 | 0 IP-bans have been loaded.
17. Subat 2020 | 21:54:58 | 0 temporary bans have been loaded.
17. Subat 2020 | 21:54:58 | 0 whitelist entries have been loaded.
17. Subat 2020 | 21:54:58 | 0 blacklist entries have been loaded.
17. Subat 2020 | 21:54:58 | 0 bad words have been loaded.
17. Subat 2020 | 21:54:58 | 0 forbidden weapons have been loaded.
17. Subat 2020 | 21:54:58 | ODUNSAVAR (v11) *************************************
17. Subat 2020 | 21:59:01 | ODUNSAVAR (v11) *************************************
17. Subat 2020 | 21:59:01 | 0 IP-bans have been loaded.
17. Subat 2020 | 21:59:01 | 0 temporary bans have been loaded.
17. Subat 2020 | 21:59:01 | 0 whitelist entries have been loaded.
17. Subat 2020 | 21:59:01 | 0 blacklist entries have been loaded.
17. Subat 2020 | 21:59:01 | 0 bad words have been loaded.
17. Subat 2020 | 21:59:01 | 0 forbidden weapons have been loaded.
17. Subat 2020 | 21:59:01 | ODUNSAVAR (v11) *************************************
17. Subat 2020 | 22:09:01 | ODUNSAVAR (v11) *************************************
17. Subat 2020 | 22:09:01 | 0 IP-bans have been loaded.
17. Subat 2020 | 22:09:01 | 0 temporary bans have been loaded.
17. Subat 2020 | 22:09:01 | 0 whitelist entries have been loaded.
17. Subat 2020 | 22:09:01 | 0 blacklist entries have been loaded.
17. Subat 2020 | 22:09:01 | 0 bad words have been loaded.
17. Subat 2020 | 22:09:01 | 0 forbidden weapons have been loaded.
17. Subat 2020 | 22:09:01 | ODUNSAVAR (v11) *************************************
17. Subat 2020 | 23:55:38 | ODUNSAVAR (v11) *************************************
17. Subat 2020 | 23:55:38 | 0 IP-bans have been loaded.
17. Subat 2020 | 23:55:38 | 0 temporary bans have been loaded.
17. Subat 2020 | 23:55:38 | 0 whitelist entries have been loaded.
17. Subat 2020 | 23:55:38 | 0 blacklist entries have been loaded.
17. Subat 2020 | 23:55:38 | 0 bad words have been loaded.
17. Subat 2020 | 23:55:38 | 0 forbidden weapons have been loaded.
17. Subat 2020 | 23:55:38 | ODUNSAVAR (v11) *************************************
18. Subat 2020 | 00:07:13 | ODUNSAVAR (v11) *************************************
18. Subat 2020 | 00:07:13 | 0 IP-bans have been loaded.
18. Subat 2020 | 00:07:13 | 0 temporary bans have been loaded.
18. Subat 2020 | 00:07:13 | 0 whitelist entries have been loaded.
18. Subat 2020 | 00:07:13 | 0 blacklist entries have been loaded.
18. Subat 2020 | 00:07:13 | 0 bad words have been loaded.
18. Subat 2020 | 00:07:13 | 0 forbidden weapons have been loaded.
18. Subat 2020 | 00:07:13 | ODUNSAVAR (v11) *************************************
19. Subat 2020 | 13:11:00 | ODUNSAVAR (v11) *************************************
19. Subat 2020 | 13:11:00 | 0 IP-bans have been loaded.
19. Subat 2020 | 13:11:00 | 0 temporary bans have been loaded.
19. Subat 2020 | 13:11:00 | 0 whitelist entries have been loaded.
19. Subat 2020 | 13:11:00 | 0 blacklist entries have been loaded.
19. Subat 2020 | 13:11:00 | 0 bad words have been loaded.
19. Subat 2020 | 13:11:00 | 0 forbidden weapons have been loaded.
19. Subat 2020 | 13:11:00 | ODUNSAVAR (v11) *************************************
19. Subat 2020 | 13:26:38 | ODUNSAVAR (v11) *************************************
19. Subat 2020 | 13:26:38 | 0 IP-bans have been loaded.
19. Subat 2020 | 13:26:38 | 0 temporary bans have been loaded.
19. Subat 2020 | 13:26:38 | 0 whitelist entries have been loaded.
19. Subat 2020 | 13:26:38 | 0 blacklist entries have been loaded.
19. Subat 2020 | 13:26:38 | 0 bad words have been loaded.
19. Subat 2020 | 13:26:38 | 0 forbidden weapons have been loaded.
19. Subat 2020 | 13:26:38 | ODUNSAVAR (v11) *************************************
19. Subat 2020 | 13:32:22 | ODUNSAVAR (v11) *************************************
19. Subat 2020 | 13:32:22 | 0 IP-bans have been loaded.
19. Subat 2020 | 13:32:22 | 0 temporary bans have been loaded.
19. Subat 2020 | 13:32:22 | 0 whitelist entries have been loaded.
19. Subat 2020 | 13:32:22 | 0 blacklist entries have been loaded.
19. Subat 2020 | 13:32:22 | 0 bad words have been loaded.
19. Subat 2020 | 13:32:22 | 0 forbidden weapons have been loaded.
19. Subat 2020 | 13:32:22 | ODUNSAVAR (v11) *************************************
19. Subat 2020 | 13:34:29 | ODUNSAVAR (v11) *************************************
19. Subat 2020 | 13:34:29 | 0 IP-bans have been loaded.
19. Subat 2020 | 13:34:29 | 0 temporary bans have been loaded.
19. Subat 2020 | 13:34:29 | 0 whitelist entries have been loaded.
19. Subat 2020 | 13:34:29 | 0 blacklist entries have been loaded.
19. Subat 2020 | 13:34:29 | 0 bad words have been loaded.
19. Subat 2020 | 13:34:29 | 0 forbidden weapons have been loaded.
19. Subat 2020 | 13:34:29 | ODUNSAVAR (v11) *************************************
19. Subat 2020 | 15:24:09 | ODUNSAVAR (v11) *************************************
19. Subat 2020 | 15:24:09 | 0 IP-bans have been loaded.
19. Subat 2020 | 15:24:09 | 0 temporary bans have been loaded.
19. Subat 2020 | 15:24:09 | 0 whitelist entries have been loaded.
19. Subat 2020 | 15:24:09 | 0 blacklist entries have been loaded.
19. Subat 2020 | 15:24:09 | 0 bad words have been loaded.
19. Subat 2020 | 15:24:09 | 0 forbidden weapons have been loaded.
19. Subat 2020 | 15:24:09 | ODUNSAVAR (v11) *************************************
19. Subat 2020 | 15:27:53 | ODUNSAVAR (v11) *************************************
19. Subat 2020 | 15:27:53 | 0 IP-bans have been loaded.
19. Subat 2020 | 15:27:53 | 0 temporary bans have been loaded.
19. Subat 2020 | 15:27:53 | 0 whitelist entries have been loaded.
19. Subat 2020 | 15:27:53 | 0 blacklist entries have been loaded.
19. Subat 2020 | 15:27:53 | 0 bad words have been loaded.
19. Subat 2020 | 15:27:53 | 0 forbidden weapons have been loaded.
19. Subat 2020 | 15:27:53 | ODUNSAVAR (v11) *************************************
19. Subat 2020 | 15:31:03 | ODUNSAVAR (v11) *************************************
19. Subat 2020 | 15:31:03 | 0 IP-bans have been loaded.
19. Subat 2020 | 15:31:03 | 0 temporary bans have been loaded.
19. Subat 2020 | 15:31:03 | 0 whitelist entries have been loaded.
19. Subat 2020 | 15:31:03 | 0 blacklist entries have been loaded.
19. Subat 2020 | 15:31:03 | 0 bad words have been loaded.
19. Subat 2020 | 15:31:03 | 0 forbidden weapons have been loaded.
19. Subat 2020 | 15:31:03 | ODUNSAVAR (v11) *************************************
21. Subat 2020 | 20:53:52 | ODUNSAVAR (v11) *************************************
21. Subat 2020 | 20:53:52 | 0 IP-bans have been loaded.
21. Subat 2020 | 20:53:52 | 0 temporary bans have been loaded.
21. Subat 2020 | 20:53:52 | 0 whitelist entries have been loaded.
21. Subat 2020 | 20:53:52 | 0 blacklist entries have been loaded.
21. Subat 2020 | 20:53:52 | 0 bad words have been loaded.
21. Subat 2020 | 20:53:52 | 0 forbidden weapons have been loaded.
21. Subat 2020 | 20:53:52 | ODUNSAVAR (v11) *************************************
26. Subat 2020 | 18:29:22 | ODUNSAVAR (v11) *************************************
26. Subat 2020 | 18:29:22 | 0 IP-bans have been loaded.
26. Subat 2020 | 18:29:22 | 0 temporary bans have been loaded.
26. Subat 2020 | 18:29:22 | 0 whitelist entries have been loaded.
26. Subat 2020 | 18:29:22 | 0 blacklist entries have been loaded.
26. Subat 2020 | 18:29:22 | 0 bad words have been loaded.
26. Subat 2020 | 18:29:22 | 0 forbidden weapons have been loaded.
26. Subat 2020 | 18:29:22 | ODUNSAVAR (v11) *************************************
28. Subat 2020 | 14:03:57 | ODUNSAVAR (v11) *************************************
28. Subat 2020 | 14:03:57 | 0 IP-bans have been loaded.
28. Subat 2020 | 14:03:57 | 0 temporary bans have been loaded.
28. Subat 2020 | 14:03:57 | 0 whitelist entries have been loaded.
28. Subat 2020 | 14:03:57 | 0 blacklist entries have been loaded.
28. Subat 2020 | 14:03:57 | 0 bad words have been loaded.
28. Subat 2020 | 14:03:57 | 0 forbidden weapons have been loaded.
28. Subat 2020 | 14:03:57 | ODUNSAVAR (v11) *************************************
28. Subat 2020 | 14:15:30 | ODUNSAVAR (v11) *************************************
28. Subat 2020 | 14:15:30 | 0 IP-bans have been loaded.
28. Subat 2020 | 14:15:30 | 0 temporary bans have been loaded.
28. Subat 2020 | 14:15:30 | 0 whitelist entries have been loaded.
28. Subat 2020 | 14:15:30 | 0 blacklist entries have been loaded.
28. Subat 2020 | 14:15:30 | 0 bad words have been loaded.
28. Subat 2020 | 14:15:30 | 0 forbidden weapons have been loaded.
28. Subat 2020 | 14:15:30 | ODUNSAVAR (v11) *************************************
28. Subat 2020 | 14:48:15 | ODUNSAVAR (v11) *************************************
28. Subat 2020 | 14:48:15 | 0 IP-bans have been loaded.
28. Subat 2020 | 14:48:15 | 0 temporary bans have been loaded.
28. Subat 2020 | 14:48:15 | 0 whitelist entries have been loaded.
28. Subat 2020 | 14:48:15 | 0 blacklist entries have been loaded.
28. Subat 2020 | 14:48:15 | 0 bad words have been loaded.
28. Subat 2020 | 14:48:15 | 0 forbidden weapons have been loaded.
28. Subat 2020 | 14:48:15 | ODUNSAVAR (v11) *************************************
28. Subat 2020 | 14:53:57 | ODUNSAVAR (v11) *************************************
28. Subat 2020 | 14:53:57 | 0 IP-bans have been loaded.
28. Subat 2020 | 14:53:57 | 0 temporary bans have been loaded.
28. Subat 2020 | 14:53:57 | 0 whitelist entries have been loaded.
28. Subat 2020 | 14:53:57 | 0 blacklist entries have been loaded.
28. Subat 2020 | 14:53:57 | 0 bad words have been loaded.
28. Subat 2020 | 14:53:57 | 0 forbidden weapons have been loaded.
28. Subat 2020 | 14:53:57 | ODUNSAVAR (v11) *************************************
28. Subat 2020 | 18:03:10 | ODUNSAVAR (v11) *************************************
28. Subat 2020 | 18:03:10 | 0 IP-bans have been loaded.
28. Subat 2020 | 18:03:10 | 0 temporary bans have been loaded.
28. Subat 2020 | 18:03:10 | 0 whitelist entries have been loaded.
28. Subat 2020 | 18:03:10 | 0 blacklist entries have been loaded.
28. Subat 2020 | 18:03:10 | 0 bad words have been loaded.
28. Subat 2020 | 18:03:10 | 0 forbidden weapons have been loaded.
28. Subat 2020 | 18:03:10 | ODUNSAVAR (v11) *************************************
13. Nisan 2020 | 17:48:04 | ODUNSAVAR (v11) *************************************
13. Nisan 2020 | 17:48:04 | 0 IP-bans have been loaded.
13. Nisan 2020 | 17:48:04 | 0 temporary bans have been loaded.
13. Nisan 2020 | 17:48:04 | 0 whitelist entries have been loaded.
13. Nisan 2020 | 17:48:04 | 0 blacklist entries have been loaded.
13. Nisan 2020 | 17:48:04 | 0 bad words have been loaded.
13. Nisan 2020 | 17:48:04 | 0 forbidden weapons have been loaded.
13. Nisan 2020 | 17:48:04 | ODUNSAVAR (v11) *************************************
13. Nisan 2020 | 18:10:45 | ODUNSAVAR (v11) *************************************
13. Nisan 2020 | 18:10:45 | 0 IP-bans have been loaded.
13. Nisan 2020 | 18:10:45 | 0 temporary bans have been loaded.
13. Nisan 2020 | 18:10:45 | 0 whitelist entries have been loaded.
13. Nisan 2020 | 18:10:45 | 0 blacklist entries have been loaded.
13. Nisan 2020 | 18:10:45 | 0 bad words have been loaded.
13. Nisan 2020 | 18:10:45 | 0 forbidden weapons have been loaded.
13. Nisan 2020 | 18:10:45 | ODUNSAVAR (v11) *************************************
13. Nisan 2020 | 18:15:39 | ODUNSAVAR (v11) *************************************
13. Nisan 2020 | 18:15:39 | 0 IP-bans have been loaded.
13. Nisan 2020 | 18:15:39 | 0 temporary bans have been loaded.
13. Nisan 2020 | 18:15:39 | 0 whitelist entries have been loaded.
13. Nisan 2020 | 18:15:39 | 0 blacklist entries have been loaded.
13. Nisan 2020 | 18:15:39 | 0 bad words have been loaded.
13. Nisan 2020 | 18:15:39 | 0 forbidden weapons have been loaded.
13. Nisan 2020 | 18:15:39 | ODUNSAVAR (v11) *************************************
13. Nisan 2020 | 18:18:44 | ODUNSAVAR (v11) *************************************
13. Nisan 2020 | 18:18:44 | 0 IP-bans have been loaded.
13. Nisan 2020 | 18:18:44 | 0 temporary bans have been loaded.
13. Nisan 2020 | 18:18:44 | 0 whitelist entries have been loaded.
13. Nisan 2020 | 18:18:44 | 0 blacklist entries have been loaded.
13. Nisan 2020 | 18:18:44 | 0 bad words have been loaded.
13. Nisan 2020 | 18:18:44 | 0 forbidden weapons have been loaded.
13. Nisan 2020 | 18:18:44 | ODUNSAVAR (v11) *************************************
13. Nisan 2020 | 18:33:38 | ODUNSAVAR (v11) *************************************
13. Nisan 2020 | 18:33:38 | 0 IP-bans have been loaded.
13. Nisan 2020 | 18:33:38 | 0 temporary bans have been loaded.
13. Nisan 2020 | 18:33:38 | 0 whitelist entries have been loaded.
13. Nisan 2020 | 18:33:38 | 0 blacklist entries have been loaded.
13. Nisan 2020 | 18:33:38 | 0 bad words have been loaded.
13. Nisan 2020 | 18:33:38 | 0 forbidden weapons have been loaded.
13. Nisan 2020 | 18:33:38 | ODUNSAVAR (v11) *************************************
13. Nisan 2020 | 19:08:09 | Player 'admin' has probably accidently typed the RCON-command into the chat. Message blocked. ("uq1230*123p.cx.mb,")
